{"/home/travis/build/npmtest/node-npmtest-fast-json-patch/test.js":{"path":"/home/travis/build/npmtest/node-npmtest-fast-json-patch/test.js","s":{"1":2,"2":2,"3":2,"4":2,"5":2,"6":2,"7":2,"8":1,"9":2,"10":2,"11":1,"12":1,"13":1,"14":1,"15":2,"16":2,"17":2,"18":2,"19":1,"20":1,"21":2,"22":2,"23":2,"24":1,"25":1,"26":1,"27":1,"28":1,"29":1,"30":1,"31":1,"32":1,"33":1,"34":1,"35":1,"36":1,"37":1,"38":1,"39":2,"40":2,"41":1,"42":2,"43":2,"44":1,"45":2,"46":2,"47":1,"48":2,"49":2,"50":1,"51":1,"52":1,"53":1,"54":1},"b":{"1":[2,1,1,1],"2":[1,1,1,1],"3":[1,1],"4":[1,1],"5":[1,1],"6":[1,1],"7":[1,1],"8":[1,1],"9":[1,1],"10":[1,1,1],"11":[1,1],"12":[1,1],"13":[1,1],"14":[1,1],"15":[1,1],"16":[1,1],"17":[1,1]},"f":{"1":2,"2":2,"3":2,"4":2,"5":2,"6":1,"7":1,"8":1,"9":2,"10":2,"11":2,"12":2,"13":1},"fnMap":{"1":{"name":"(anonymous_1)","line":12,"loc":{"start":{"line":12,"column":1},"end":{"line":12,"column":13}}},"2":{"name":"(anonymous_2)","line":19,"loc":{"start":{"line":19,"column":5},"end":{"line":19,"column":17}}},"3":{"name":"(anonymous_3)","line":23,"loc":{"start":{"line":23,"column":24},"end":{"line":23,"column":36}}},"4":{"name":"(anonymous_4)","line":61,"loc":{"start":{"line":61,"column":5},"end":{"line":61,"column":17}}},"5":{"name":"(anonymous_5)","line":82,"loc":{"start":{"line":82,"column":5},"end":{"line":82,"column":17}}},"6":{"name":"(anonymous_6)","line":91,"loc":{"start":{"line":91,"column":77},"end":{"line":94,"column":10}}},"7":{"name":"(anonymous_7)","line":112,"loc":{"start":{"line":112,"column":83},"end":{"line":115,"column":10}},"skip":true},"8":{"name":"(anonymous_8)","line":123,"loc":{"start":{"line":123,"column":77},"end":{"line":126,"column":10}},"skip":true},"9":{"name":"(anonymous_9)","line":139,"loc":{"start":{"line":139,"column":12},"end":{"line":139,"column":40}},"skip":true},"10":{"name":"(anonymous_10)","line":147,"loc":{"start":{"line":147,"column":77},"end":{"line":150,"column":10}},"skip":true},"11":{"name":"(anonymous_11)","line":158,"loc":{"start":{"line":158,"column":83},"end":{"line":161,"column":10}},"skip":true},"12":{"name":"(anonymous_12)","line":169,"loc":{"start":{"line":169,"column":79},"end":{"line":172,"column":10}},"skip":true},"13":{"name":"(anonymous_13)","line":180,"loc":{"start":{"line":180,"column":75},"end":{"line":183,"column":10}},"skip":true}},"statementMap":{"1":{"start":{"line":12,"column":0},"end":{"line":195,"column":5}},"2":{"start":{"line":14,"column":4},"end":{"line":14,"column":14}},"3":{"start":{"line":19,"column":4},"end":{"line":56,"column":9}},"4":{"start":{"line":21,"column":8},"end":{"line":21,"column":19}},"5":{"start":{"line":23,"column":8},"end":{"line":35,"column":13}},"6":{"start":{"line":24,"column":12},"end":{"line":34,"column":13}},"7":{"start":{"line":25,"column":16},"end":{"line":28,"column":30}},"8":{"start":{"line":30,"column":16},"end":{"line":33,"column":27}},"9":{"start":{"line":37,"column":8},"end":{"line":39,"column":21}},"10":{"start":{"line":40,"column":8},"end":{"line":53,"column":9}},"11":{"start":{"line":43,"column":12},"end":{"line":46,"column":14}},"12":{"start":{"line":47,"column":12},"end":{"line":47,"column":18}},"13":{"start":{"line":50,"column":12},"end":{"line":51,"column":46}},"14":{"start":{"line":52,"column":12},"end":{"line":52,"column":18}},"15":{"start":{"line":55,"column":8},"end":{"line":55,"column":35}},"16":{"start":{"line":61,"column":4},"end":{"line":63,"column":9}},"17":{"start":{"line":62,"column":8},"end":{"line":62,"column":15}},"18":{"start":{"line":64,"column":4},"end":{"line":77,"column":5}},"19":{"start":{"line":70,"column":8},"end":{"line":70,"column":14}},"20":{"start":{"line":76,"column":8},"end":{"line":76,"column":14}},"21":{"start":{"line":82,"column":4},"end":{"line":84,"column":9}},"22":{"start":{"line":83,"column":8},"end":{"line":83,"column":15}},"23":{"start":{"line":85,"column":4},"end":{"line":194,"column":5}},"24":{"start":{"line":91,"column":8},"end":{"line":99,"column":10}},"25":{"start":{"line":98,"column":12},"end":{"line":98,"column":35}},"26":{"start":{"line":102,"column":8},"end":{"line":104,"column":63}},"27":{"start":{"line":105,"column":8},"end":{"line":105,"column":14}},"28":{"start":{"line":112,"column":8},"end":{"line":121,"column":10},"skip":true},"29":{"start":{"line":119,"column":12},"end":{"line":119,"column":55},"skip":true},"30":{"start":{"line":120,"column":12},"end":{"line":120,"column":48},"skip":true},"31":{"start":{"line":123,"column":8},"end":{"line":136,"column":10},"skip":true},"32":{"start":{"line":130,"column":12},"end":{"line":130,"column":76},"skip":true},"33":{"start":{"line":131,"column":12},"end":{"line":131,"column":73},"skip":true},"34":{"start":{"line":132,"column":12},"end":{"line":132,"column":74},"skip":true},"35":{"start":{"line":133,"column":12},"end":{"line":133,"column":79},"skip":true},"36":{"start":{"line":134,"column":12},"end":{"line":134,"column":25},"skip":true},"37":{"start":{"line":135,"column":12},"end":{"line":135,"column":45},"skip":true},"38":{"start":{"line":138,"column":8},"end":{"line":145,"column":14},"skip":true},"39":{"start":{"line":143,"column":16},"end":{"line":143,"column":29},"skip":true},"40":{"start":{"line":144,"column":16},"end":{"line":144,"column":55},"skip":true},"41":{"start":{"line":147,"column":8},"end":{"line":156,"column":10},"skip":true},"42":{"start":{"line":154,"column":12},"end":{"line":154,"column":25},"skip":true},"43":{"start":{"line":155,"column":12},"end":{"line":155,"column":45},"skip":true},"44":{"start":{"line":158,"column":8},"end":{"line":167,"column":10},"skip":true},"45":{"start":{"line":165,"column":12},"end":{"line":165,"column":25},"skip":true},"46":{"start":{"line":166,"column":12},"end":{"line":166,"column":48},"skip":true},"47":{"start":{"line":169,"column":8},"end":{"line":178,"column":10},"skip":true},"48":{"start":{"line":176,"column":12},"end":{"line":176,"column":25},"skip":true},"49":{"start":{"line":177,"column":12},"end":{"line":177,"column":46},"skip":true},"50":{"start":{"line":180,"column":8},"end":{"line":189,"column":10},"skip":true},"51":{"start":{"line":187,"column":12},"end":{"line":187,"column":94},"skip":true},"52":{"start":{"line":188,"column":12},"end":{"line":188,"column":48},"skip":true},"53":{"start":{"line":192,"column":8},"end":{"line":192,"column":35},"skip":true},"54":{"start":{"line":193,"column":8},"end":{"line":193,"column":14},"skip":true}},"branchMap":{"1":{"line":25,"type":"binary-expr","locations":[{"start":{"line":25,"column":23},"end":{"line":25,"column":62}},{"start":{"line":26,"column":20},"end":{"line":26,"column":70}},{"start":{"line":27,"column":20},"end":{"line":27,"column":71}},{"start":{"line":28,"column":20},"end":{"line":28,"column":29}}]},"2":{"line":30,"type":"binary-expr","locations":[{"start":{"line":30,"column":23},"end":{"line":30,"column":37}},{"start":{"line":31,"column":20},"end":{"line":31,"column":61}},{"start":{"line":32,"column":20},"end":{"line":32,"column":70}},{"start":{"line":33,"column":20},"end":{"line":33,"column":26}}]},"3":{"line":37,"type":"cond-expr","locations":[{"start":{"line":38,"column":14},"end":{"line":38,"column":20}},{"start":{"line":39,"column":14},"end":{"line":39,"column":20}}]},"4":{"line":40,"type":"switch","locations":[{"start":{"line":42,"column":8},"end":{"line":47,"column":18}},{"start":{"line":49,"column":8},"end":{"line":52,"column":18}}]},"5":{"line":44,"type":"binary-expr","locations":[{"start":{"line":44,"column":16},"end":{"line":44,"column":44}},{"start":{"line":44,"column":48},"end":{"line":44,"column":66}}]},"6":{"line":50,"type":"binary-expr","locations":[{"start":{"line":50,"column":21},"end":{"line":50,"column":49}},{"start":{"line":50,"column":53},"end":{"line":50,"column":72}}]},"7":{"line":64,"type":"switch","locations":[{"start":{"line":69,"column":4},"end":{"line":70,"column":14}},{"start":{"line":75,"column":4},"end":{"line":76,"column":14}}]},"8":{"line":85,"type":"switch","locations":[{"start":{"line":90,"column":4},"end":{"line":105,"column":14}},{"start":{"line":111,"column":4},"end":{"line":193,"column":14},"skip":true}]},"9":{"line":91,"type":"binary-expr","locations":[{"start":{"line":91,"column":42},"end":{"line":91,"column":73}},{"start":{"line":91,"column":77},"end":{"line":99,"column":9}}]},"10":{"line":102,"type":"binary-expr","locations":[{"start":{"line":102,"column":18},"end":{"line":102,"column":32}},{"start":{"line":103,"column":12},"end":{"line":103,"column":53}},{"start":{"line":104,"column":12},"end":{"line":104,"column":61}}]},"11":{"line":112,"type":"binary-expr","locations":[{"start":{"line":112,"column":45},"end":{"line":112,"column":79},"skip":true},{"start":{"line":112,"column":83},"end":{"line":121,"column":9},"skip":true}]},"12":{"line":123,"type":"binary-expr","locations":[{"start":{"line":123,"column":42},"end":{"line":123,"column":73},"skip":true},{"start":{"line":123,"column":77},"end":{"line":136,"column":9},"skip":true}]},"13":{"line":138,"type":"binary-expr","locations":[{"start":{"line":138,"column":48},"end":{"line":138,"column":85},"skip":true},{"start":{"line":139,"column":12},"end":{"line":145,"column":13},"skip":true}]},"14":{"line":147,"type":"binary-expr","locations":[{"start":{"line":147,"column":42},"end":{"line":147,"column":73},"skip":true},{"start":{"line":147,"column":77},"end":{"line":156,"column":9},"skip":true}]},"15":{"line":158,"type":"binary-expr","locations":[{"start":{"line":158,"column":45},"end":{"line":158,"column":79},"skip":true},{"start":{"line":158,"column":83},"end":{"line":167,"column":9},"skip":true}]},"16":{"line":169,"type":"binary-expr","locations":[{"start":{"line":169,"column":43},"end":{"line":169,"column":75},"skip":true},{"start":{"line":169,"column":79},"end":{"line":178,"column":9},"skip":true}]},"17":{"line":180,"type":"binary-expr","locations":[{"start":{"line":180,"column":41},"end":{"line":180,"column":71},"skip":true},{"start":{"line":180,"column":75},"end":{"line":189,"column":9},"skip":true}]}},"code":["/* istanbul instrument in package npmtest_fast_json_patch */","/*jslint","    bitwise: true,","    browser: true,","    maxerr: 8,","    maxlen: 96,","    node: true,","    nomen: true,","    regexp: true,","    stupid: true","*/","(function () {","    'use strict';","    var local;","","","","    // run shared js-env code - pre-init","    (function () {","        // init local","        local = {};","        // init modeJs","        local.modeJs = (function () {","            try {","                return typeof navigator.userAgent === 'string' &&","                    typeof document.querySelector('body') === 'object' &&","                    typeof XMLHttpRequest.prototype.open === 'function' &&","                    'browser';","            } catch (errorCaughtBrowser) {","                return module.exports &&","                    typeof process.versions.node === 'string' &&","                    typeof require('http').createServer === 'function' &&","                    'node';","            }","        }());","        // init global","        local.global = local.modeJs === 'browser'","            ? window","            : global;","        switch (local.modeJs) {","        // re-init local from window.local","        case 'browser':","            local = local.global.utility2.objectSetDefault(","                local.global.utility2_rollup || local.global.local,","                local.global.utility2","            );","            break;","        // re-init local from example.js","        case 'node':","            local = (local.global.utility2_rollup || require('utility2'))","                .requireExampleJsFromReadme();","            break;","        }","        // export local","        local.global.local = local;","    }());","","","","    // run shared js-env code - function","    (function () {","        return;","    }());","    switch (local.modeJs) {","","","","    // run browser js-env code - function","    case 'browser':","        break;","","","","    // run node js-env code - function","    case 'node':","        break;","    }","","","","    // run shared js-env code - post-init","    (function () {","        return;","    }());","    switch (local.modeJs) {","","","","    // run browser js-env code - post-init","    case 'browser':","        local.testCase_browser_nullCase = local.testCase_browser_nullCase || function (","            options,","            onError","        ) {","        /*","         * this function will test browsers's null-case handling-behavior-behavior","         */","            onError(null, options);","        };","","        // run tests","        local.nop(local.modeTest &&","            document.querySelector('#testRunButton1') &&","            document.querySelector('#testRunButton1').click());","        break;","","","","    // run node js-env code - post-init","    /* istanbul ignore next */","    case 'node':","        local.testCase_buildApidoc_default = local.testCase_buildApidoc_default || function (","            options,","            onError","        ) {","        /*","         * this function will test buildApidoc's default handling-behavior-behavior","         */","            options = { modulePathList: module.paths };","            local.buildApidoc(options, onError);","        };","","        local.testCase_buildApp_default = local.testCase_buildApp_default || function (","            options,","            onError","        ) {","        /*","         * this function will test buildApp's default handling-behavior-behavior","         */","            local.testCase_buildReadme_default(options, local.onErrorThrow);","            local.testCase_buildLib_default(options, local.onErrorThrow);","            local.testCase_buildTest_default(options, local.onErrorThrow);","            local.testCase_buildCustomOrg_default(options, local.onErrorThrow);","            options = [];","            local.buildApp(options, onError);","        };","","        local.testCase_buildCustomOrg_default = local.testCase_buildCustomOrg_default ||","            function (options, onError) {","            /*","             * this function will test buildCustomOrg's default handling-behavior","             */","                options = {};","                local.buildCustomOrg(options, onError);","            };","","        local.testCase_buildLib_default = local.testCase_buildLib_default || function (","            options,","            onError","        ) {","        /*","         * this function will test buildLib's default handling-behavior","         */","            options = {};","            local.buildLib(options, onError);","        };","","        local.testCase_buildReadme_default = local.testCase_buildReadme_default || function (","            options,","            onError","        ) {","        /*","         * this function will test buildReadme's default handling-behavior-behavior","         */","            options = {};","            local.buildReadme(options, onError);","        };","","        local.testCase_buildTest_default = local.testCase_buildTest_default || function (","            options,","            onError","        ) {","        /*","         * this function will test buildTest's default handling-behavior","         */","            options = {};","            local.buildTest(options, onError);","        };","","        local.testCase_webpage_default = local.testCase_webpage_default || function (","            options,","            onError","        ) {","        /*","         * this function will test webpage's default handling-behavior","         */","            options = { modeCoverageMerge: true, url: local.serverLocalHost + '?modeTest=1' };","            local.browserTest(options, onError);","        };","","        // run test-server","        local.testRunServer(local);","        break;","    }","}());",""],"l":{"12":2,"14":2,"19":2,"21":2,"23":2,"24":2,"25":2,"30":1,"37":2,"40":2,"43":1,"47":1,"50":1,"52":1,"55":2,"61":2,"62":2,"64":2,"70":1,"76":1,"82":2,"83":2,"85":2,"91":1,"98":1,"102":1,"105":1,"112":1,"119":1,"120":1,"123":1,"130":1,"131":1,"132":1,"133":1,"134":1,"135":1,"138":1,"143":2,"144":2,"147":1,"154":2,"155":2,"158":1,"165":2,"166":2,"169":1,"176":2,"177":2,"180":1,"187":1,"188":1,"192":1,"193":1}},"/home/travis/build/npmtest/node-npmtest-fast-json-patch/lib.npmtest_fast_json_patch.js":{"path":"/home/travis/build/npmtest/node-npmtest-fast-json-patch/lib.npmtest_fast_json_patch.js","s":{"1":2,"2":2,"3":2,"4":2,"5":2,"6":2,"7":2,"8":1,"9":2,"10":2,"11":2,"12":2,"13":1,"14":1,"15":1,"16":1},"b":{"1":[2,1,1,1],"2":[1,1,1,1],"3":[1,1],"4":[2,2],"5":[1,1]},"f":{"1":2,"2":2,"3":2},"fnMap":{"1":{"name":"(anonymous_1)","line":12,"loc":{"start":{"line":12,"column":1},"end":{"line":12,"column":13}}},"2":{"name":"(anonymous_2)","line":19,"loc":{"start":{"line":19,"column":5},"end":{"line":19,"column":17}}},"3":{"name":"(anonymous_3)","line":23,"loc":{"start":{"line":23,"column":24},"end":{"line":23,"column":36}}}},"statementMap":{"1":{"start":{"line":12,"column":0},"end":{"line":53,"column":5}},"2":{"start":{"line":14,"column":4},"end":{"line":14,"column":14}},"3":{"start":{"line":19,"column":4},"end":{"line":52,"column":9}},"4":{"start":{"line":21,"column":8},"end":{"line":21,"column":19}},"5":{"start":{"line":23,"column":8},"end":{"line":35,"column":13}},"6":{"start":{"line":24,"column":12},"end":{"line":34,"column":13}},"7":{"start":{"line":25,"column":16},"end":{"line":28,"column":30}},"8":{"start":{"line":30,"column":16},"end":{"line":33,"column":27}},"9":{"start":{"line":37,"column":8},"end":{"line":39,"column":21}},"10":{"start":{"line":41,"column":8},"end":{"line":41,"column":54}},"11":{"start":{"line":43,"column":8},"end":{"line":43,"column":60}},"12":{"start":{"line":45,"column":8},"end":{"line":51,"column":9}},"13":{"start":{"line":46,"column":12},"end":{"line":46,"column":66}},"14":{"start":{"line":48,"column":12},"end":{"line":48,"column":35}},"15":{"start":{"line":49,"column":12},"end":{"line":49,"column":49}},"16":{"start":{"line":50,"column":12},"end":{"line":50,"column":43}}},"branchMap":{"1":{"line":25,"type":"binary-expr","locations":[{"start":{"line":25,"column":23},"end":{"line":25,"column":62}},{"start":{"line":26,"column":20},"end":{"line":26,"column":70}},{"start":{"line":27,"column":20},"end":{"line":27,"column":71}},{"start":{"line":28,"column":20},"end":{"line":28,"column":29}}]},"2":{"line":30,"type":"binary-expr","locations":[{"start":{"line":30,"column":23},"end":{"line":30,"column":37}},{"start":{"line":31,"column":20},"end":{"line":31,"column":61}},{"start":{"line":32,"column":20},"end":{"line":32,"column":70}},{"start":{"line":33,"column":20},"end":{"line":33,"column":26}}]},"3":{"line":37,"type":"cond-expr","locations":[{"start":{"line":38,"column":14},"end":{"line":38,"column":20}},{"start":{"line":39,"column":14},"end":{"line":39,"column":20}}]},"4":{"line":41,"type":"binary-expr","locations":[{"start":{"line":41,"column":16},"end":{"line":41,"column":44}},{"start":{"line":41,"column":48},"end":{"line":41,"column":53}}]},"5":{"line":45,"type":"if","locations":[{"start":{"line":45,"column":8},"end":{"line":45,"column":8}},{"start":{"line":45,"column":8},"end":{"line":45,"column":8}}]}},"code":["/* istanbul instrument in package npmtest_fast_json_patch */","/*jslint","    bitwise: true,","    browser: true,","    maxerr: 8,","    maxlen: 96,","    node: true,","    nomen: true,","    regexp: true,","    stupid: true","*/","(function () {","    'use strict';","    var local;","","","","    // run shared js-env code - pre-init","    (function () {","        // init local","        local = {};","        // init modeJs","        local.modeJs = (function () {","            try {","                return typeof navigator.userAgent === 'string' &&","                    typeof document.querySelector('body') === 'object' &&","                    typeof XMLHttpRequest.prototype.open === 'function' &&","                    'browser';","            } catch (errorCaughtBrowser) {","                return module.exports &&","                    typeof process.versions.node === 'string' &&","                    typeof require('http').createServer === 'function' &&","                    'node';","            }","        }());","        // init global","        local.global = local.modeJs === 'browser'","            ? window","            : global;","        // init utility2_rollup","        local = local.global.utility2_rollup || local;","        // init lib","        local.local = local.npmtest_fast_json_patch = local;","        // init exports","        if (local.modeJs === 'browser') {","            local.global.utility2_npmtest_fast_json_patch = local;","        } else {","            module.exports = local;","            module.exports.__dirname = __dirname;","            module.exports.module = module;","        }","    }());","}());",""],"l":{"12":2,"14":2,"19":2,"21":2,"23":2,"24":2,"25":2,"30":1,"37":2,"41":2,"43":2,"45":2,"46":1,"48":1,"49":1,"50":1}},"/home/travis/build/npmtest/node-npmtest-fast-json-patch/example.js":{"path":"/home/travis/build/npmtest/node-npmtest-fast-json-patch/example.js","s":{"1":2,"2":2,"3":2,"4":2,"5":2,"6":2,"7":2,"8":1,"9":2,"10":2,"11":2,"12":2,"13":1,"14":2,"15":2,"16":2,"17":2,"18":2,"19":0,"20":2,"21":1,"22":1,"23":1,"24":1,"25":1,"26":0,"27":0,"28":1,"29":1,"30":2,"31":0,"32":0,"33":0,"34":1,"35":2,"36":2,"37":3,"38":3,"39":3,"40":3,"41":0,"42":3,"43":3,"44":3,"45":1,"46":3,"47":1,"48":1,"49":1,"50":1,"51":1,"52":1,"53":1,"54":1,"55":1,"56":1,"57":0,"58":1,"59":6,"60":6,"61":1,"62":2,"63":0,"64":2,"65":1,"66":1,"67":0,"68":0,"69":0,"70":0,"71":0,"72":0,"73":0,"74":0,"75":0,"76":0,"77":0,"78":0,"79":0,"80":0,"81":0,"82":0,"83":0},"b":{"1":[2,1,1,1],"2":[1,1,1,1],"3":[1,1],"4":[2,2],"5":[1,1],"6":[1,1],"7":[2,0],"8":[2,1,1,1,1,1],"9":[0,2,0],"10":[1,1],"11":[2,1,1],"12":[1,0],"13":[0,2],"14":[2,0,0,0,0,0,0],"15":[0,3],"16":[3,0],"17":[1,1],"18":[0,1],"19":[1,2,0,2],"20":[1,0],"21":[1,1],"22":[0,0],"23":[0,0],"24":[0,0],"25":[0,0],"26":[0,0],"27":[0,0],"28":[0,0]},"f":{"1":2,"2":2,"3":2,"4":2,"5":2,"6":2,"7":3,"8":3,"9":3,"10":1,"11":6,"12":0},"fnMap":{"1":{"name":"(anonymous_1)","line":26,"loc":{"start":{"line":26,"column":1},"end":{"line":26,"column":13}}},"2":{"name":"(anonymous_2)","line":33,"loc":{"start":{"line":33,"column":5},"end":{"line":33,"column":17}}},"3":{"name":"(anonymous_3)","line":37,"loc":{"start":{"line":37,"column":24},"end":{"line":37,"column":36}}},"4":{"name":"(anonymous_4)","line":69,"loc":{"start":{"line":69,"column":31},"end":{"line":69,"column":48}},"skip":true},"5":{"name":"(anonymous_5)","line":78,"loc":{"start":{"line":78,"column":26},"end":{"line":78,"column":45}},"skip":true},"6":{"name":"(anonymous_6)","line":123,"loc":{"start":{"line":123,"column":33},"end":{"line":123,"column":48}},"skip":true},"7":{"name":"(anonymous_7)","line":125,"loc":{"start":{"line":125,"column":27},"end":{"line":125,"column":39}},"skip":true},"8":{"name":"(anonymous_8)","line":133,"loc":{"start":{"line":133,"column":59},"end":{"line":133,"column":74}},"skip":true},"9":{"name":"(anonymous_9)","line":143,"loc":{"start":{"line":143,"column":45},"end":{"line":143,"column":62}},"skip":true},"10":{"name":"(anonymous_10)","line":144,"loc":{"start":{"line":144,"column":73},"end":{"line":144,"column":92}},"skip":true},"11":{"name":"(anonymous_11)","line":272,"loc":{"start":{"line":272,"column":51},"end":{"line":272,"column":77}},"skip":true},"12":{"name":"(anonymous_12)","line":315,"loc":{"start":{"line":315,"column":32},"end":{"line":315,"column":61}},"skip":true}},"statementMap":{"1":{"start":{"line":26,"column":0},"end":{"line":326,"column":5}},"2":{"start":{"line":28,"column":4},"end":{"line":28,"column":14}},"3":{"start":{"line":33,"column":4},"end":{"line":60,"column":9}},"4":{"start":{"line":35,"column":8},"end":{"line":35,"column":19}},"5":{"start":{"line":37,"column":8},"end":{"line":49,"column":13}},"6":{"start":{"line":38,"column":12},"end":{"line":48,"column":13}},"7":{"start":{"line":39,"column":16},"end":{"line":42,"column":30}},"8":{"start":{"line":44,"column":16},"end":{"line":47,"column":27}},"9":{"start":{"line":51,"column":8},"end":{"line":53,"column":21}},"10":{"start":{"line":55,"column":8},"end":{"line":57,"column":45}},"11":{"start":{"line":59,"column":8},"end":{"line":59,"column":35}},"12":{"start":{"line":61,"column":4},"end":{"line":325,"column":5}},"13":{"start":{"line":69,"column":8},"end":{"line":121,"column":10},"skip":true},"14":{"start":{"line":70,"column":12},"end":{"line":88,"column":13},"skip":true},"15":{"start":{"line":76,"column":16},"end":{"line":87,"column":19},"skip":true},"16":{"start":{"line":79,"column":20},"end":{"line":86,"column":21},"skip":true},"17":{"start":{"line":82,"column":24},"end":{"line":82,"column":43},"skip":true},"18":{"start":{"line":83,"column":24},"end":{"line":83,"column":30},"skip":true},"19":{"start":{"line":85,"column":24},"end":{"line":85,"column":49},"skip":true},"20":{"start":{"line":89,"column":12},"end":{"line":107,"column":13},"skip":true},"21":{"start":{"line":92,"column":16},"end":{"line":102,"column":17},"skip":true},"22":{"start":{"line":93,"column":20},"end":{"line":93,"column":86},"skip":true},"23":{"start":{"line":94,"column":20},"end":{"line":95,"column":45},"skip":true},"24":{"start":{"line":96,"column":20},"end":{"line":96,"column":42},"skip":true},"25":{"start":{"line":97,"column":20},"end":{"line":97,"column":48},"skip":true},"26":{"start":{"line":100,"column":20},"end":{"line":100,"column":85},"skip":true},"27":{"start":{"line":101,"column":20},"end":{"line":101,"column":96},"skip":true},"28":{"start":{"line":103,"column":16},"end":{"line":103,"column":22},"skip":true},"29":{"start":{"line":106,"column":16},"end":{"line":106,"column":22},"skip":true},"30":{"start":{"line":108,"column":12},"end":{"line":120,"column":13},"skip":true},"31":{"start":{"line":114,"column":16},"end":{"line":119,"column":17},"skip":true},"32":{"start":{"line":116,"column":20},"end":{"line":116,"column":78},"skip":true},"33":{"start":{"line":118,"column":20},"end":{"line":118,"column":47},"skip":true},"34":{"start":{"line":123,"column":8},"end":{"line":141,"column":11},"skip":true},"35":{"start":{"line":124,"column":12},"end":{"line":124,"column":54},"skip":true},"36":{"start":{"line":125,"column":12},"end":{"line":140,"column":14},"skip":true},"37":{"start":{"line":126,"column":16},"end":{"line":126,"column":28},"skip":true},"38":{"start":{"line":127,"column":16},"end":{"line":127,"column":69},"skip":true},"39":{"start":{"line":128,"column":16},"end":{"line":128,"column":75},"skip":true},"40":{"start":{"line":129,"column":16},"end":{"line":131,"column":17},"skip":true},"41":{"start":{"line":130,"column":20},"end":{"line":130,"column":27},"skip":true},"42":{"start":{"line":133,"column":16},"end":{"line":137,"column":36},"skip":true},"43":{"start":{"line":134,"column":20},"end":{"line":136,"column":55},"skip":true},"44":{"start":{"line":139,"column":16},"end":{"line":139,"column":57},"skip":true},"45":{"start":{"line":143,"column":8},"end":{"line":147,"column":11},"skip":true},"46":{"start":{"line":144,"column":12},"end":{"line":146,"column":15},"skip":true},"47":{"start":{"line":145,"column":16},"end":{"line":145,"column":70},"skip":true},"48":{"start":{"line":149,"column":8},"end":{"line":149,"column":31},"skip":true},"49":{"start":{"line":150,"column":8},"end":{"line":150,"column":14},"skip":true},"50":{"start":{"line":158,"column":8},"end":{"line":158,"column":31},"skip":true},"51":{"start":{"line":160,"column":8},"end":{"line":160,"column":33},"skip":true},"52":{"start":{"line":161,"column":8},"end":{"line":161,"column":37},"skip":true},"53":{"start":{"line":162,"column":8},"end":{"line":162,"column":35},"skip":true},"54":{"start":{"line":164,"column":8},"end":{"line":164,"column":50},"skip":true},"55":{"start":{"line":166,"column":8},"end":{"line":256,"column":2},"skip":true},"56":{"start":{"line":258,"column":8},"end":{"line":286,"column":9},"skip":true},"57":{"start":{"line":259,"column":12},"end":{"line":269,"column":14},"skip":true},"58":{"start":{"line":271,"column":12},"end":{"line":285,"column":19},"skip":true},"59":{"start":{"line":274,"column":20},"end":{"line":274,"column":35},"skip":true},"60":{"start":{"line":275,"column":20},"end":{"line":284,"column":21},"skip":true},"61":{"start":{"line":277,"column":24},"end":{"line":277,"column":64},"skip":true},"62":{"start":{"line":279,"column":24},"end":{"line":279,"column":40},"skip":true},"63":{"start":{"line":281,"column":24},"end":{"line":281,"column":40},"skip":true},"64":{"start":{"line":283,"column":24},"end":{"line":283,"column":39},"skip":true},"65":{"start":{"line":288,"column":8},"end":{"line":290,"column":9},"skip":true},"66":{"start":{"line":289,"column":12},"end":{"line":289,"column":18},"skip":true},"67":{"start":{"line":291,"column":8},"end":{"line":293,"column":54},"skip":true},"68":{"start":{"line":296,"column":8},"end":{"line":301,"column":37},"skip":true},"69":{"start":{"line":303,"column":8},"end":{"line":303,"column":82},"skip":true},"70":{"start":{"line":306,"column":8},"end":{"line":308,"column":9},"skip":true},"71":{"start":{"line":307,"column":12},"end":{"line":307,"column":82},"skip":true},"72":{"start":{"line":310,"column":8},"end":{"line":312,"column":9},"skip":true},"73":{"start":{"line":311,"column":12},"end":{"line":311,"column":18},"skip":true},"74":{"start":{"line":313,"column":8},"end":{"line":313,"column":54},"skip":true},"75":{"start":{"line":314,"column":8},"end":{"line":314,"column":69},"skip":true},"76":{"start":{"line":315,"column":8},"end":{"line":323,"column":36},"skip":true},"77":{"start":{"line":316,"column":12},"end":{"line":316,"column":61},"skip":true},"78":{"start":{"line":317,"column":12},"end":{"line":320,"column":13},"skip":true},"79":{"start":{"line":318,"column":16},"end":{"line":318,"column":75},"skip":true},"80":{"start":{"line":319,"column":16},"end":{"line":319,"column":23},"skip":true},"81":{"start":{"line":321,"column":12},"end":{"line":321,"column":38},"skip":true},"82":{"start":{"line":322,"column":12},"end":{"line":322,"column":27},"skip":true},"83":{"start":{"line":324,"column":8},"end":{"line":324,"column":14},"skip":true}},"branchMap":{"1":{"line":39,"type":"binary-expr","locations":[{"start":{"line":39,"column":23},"end":{"line":39,"column":62}},{"start":{"line":40,"column":20},"end":{"line":40,"column":70}},{"start":{"line":41,"column":20},"end":{"line":41,"column":71}},{"start":{"line":42,"column":20},"end":{"line":42,"column":29}}]},"2":{"line":44,"type":"binary-expr","locations":[{"start":{"line":44,"column":23},"end":{"line":44,"column":37}},{"start":{"line":45,"column":20},"end":{"line":45,"column":61}},{"start":{"line":46,"column":20},"end":{"line":46,"column":70}},{"start":{"line":47,"column":20},"end":{"line":47,"column":26}}]},"3":{"line":51,"type":"cond-expr","locations":[{"start":{"line":52,"column":14},"end":{"line":52,"column":20}},{"start":{"line":53,"column":14},"end":{"line":53,"column":20}}]},"4":{"line":55,"type":"binary-expr","locations":[{"start":{"line":55,"column":16},"end":{"line":55,"column":44}},{"start":{"line":55,"column":49},"end":{"line":57,"column":43}}]},"5":{"line":55,"type":"cond-expr","locations":[{"start":{"line":56,"column":14},"end":{"line":56,"column":59}},{"start":{"line":57,"column":14},"end":{"line":57,"column":43}}]},"6":{"line":61,"type":"switch","locations":[{"start":{"line":68,"column":4},"end":{"line":150,"column":14},"skip":true},{"start":{"line":156,"column":4},"end":{"line":324,"column":14},"skip":true}]},"7":{"line":70,"type":"if","locations":[{"start":{"line":70,"column":12},"end":{"line":70,"column":12},"skip":true},{"start":{"line":70,"column":12},"end":{"line":70,"column":12},"skip":true}]},"8":{"line":70,"type":"binary-expr","locations":[{"start":{"line":70,"column":16},"end":{"line":70,"column":22},"skip":true},{"start":{"line":70,"column":27},"end":{"line":70,"column":32},"skip":true},{"start":{"line":71,"column":20},"end":{"line":71,"column":39},"skip":true},{"start":{"line":72,"column":20},"end":{"line":72,"column":49},"skip":true},{"start":{"line":73,"column":20},"end":{"line":73,"column":58},"skip":true},{"start":{"line":74,"column":20},"end":{"line":74,"column":69},"skip":true}]},"9":{"line":79,"type":"switch","locations":[{"start":{"line":80,"column":20},"end":{"line":80,"column":33},"skip":true},{"start":{"line":81,"column":20},"end":{"line":83,"column":30},"skip":true},{"start":{"line":84,"column":20},"end":{"line":85,"column":49},"skip":true}]},"10":{"line":89,"type":"switch","locations":[{"start":{"line":90,"column":12},"end":{"line":103,"column":22},"skip":true},{"start":{"line":105,"column":12},"end":{"line":106,"column":22},"skip":true}]},"11":{"line":89,"type":"binary-expr","locations":[{"start":{"line":89,"column":20},"end":{"line":89,"column":25},"skip":true},{"start":{"line":89,"column":29},"end":{"line":89,"column":48},"skip":true},{"start":{"line":89,"column":52},"end":{"line":89,"column":74},"skip":true}]},"12":{"line":92,"type":"if","locations":[{"start":{"line":92,"column":16},"end":{"line":92,"column":16},"skip":true},{"start":{"line":92,"column":16},"end":{"line":92,"column":16},"skip":true}]},"13":{"line":108,"type":"if","locations":[{"start":{"line":108,"column":12},"end":{"line":108,"column":12},"skip":true},{"start":{"line":108,"column":12},"end":{"line":108,"column":12},"skip":true}]},"14":{"line":108,"type":"binary-expr","locations":[{"start":{"line":108,"column":16},"end":{"line":108,"column":61},"skip":true},{"start":{"line":108,"column":66},"end":{"line":108,"column":72},"skip":true},{"start":{"line":108,"column":77},"end":{"line":108,"column":82},"skip":true},{"start":{"line":109,"column":20},"end":{"line":109,"column":39},"skip":true},{"start":{"line":110,"column":20},"end":{"line":110,"column":49},"skip":true},{"start":{"line":111,"column":20},"end":{"line":111,"column":58},"skip":true},{"start":{"line":112,"column":20},"end":{"line":112,"column":68},"skip":true}]},"15":{"line":129,"type":"if","locations":[{"start":{"line":129,"column":16},"end":{"line":129,"column":16},"skip":true},{"start":{"line":129,"column":16},"end":{"line":129,"column":16},"skip":true}]},"16":{"line":134,"type":"cond-expr","locations":[{"start":{"line":135,"column":26},"end":{"line":135,"column":29},"skip":true},{"start":{"line":136,"column":26},"end":{"line":136,"column":54},"skip":true}]},"17":{"line":164,"type":"binary-expr","locations":[{"start":{"line":164,"column":27},"end":{"line":164,"column":43},"skip":true},{"start":{"line":164,"column":47},"end":{"line":164,"column":49},"skip":true}]},"18":{"line":258,"type":"if","locations":[{"start":{"line":258,"column":8},"end":{"line":258,"column":8},"skip":true},{"start":{"line":258,"column":8},"end":{"line":258,"column":8},"skip":true}]},"19":{"line":275,"type":"switch","locations":[{"start":{"line":276,"column":20},"end":{"line":277,"column":64},"skip":true},{"start":{"line":278,"column":20},"end":{"line":279,"column":40},"skip":true},{"start":{"line":280,"column":20},"end":{"line":281,"column":40},"skip":true},{"start":{"line":282,"column":20},"end":{"line":283,"column":39},"skip":true}]},"20":{"line":288,"type":"if","locations":[{"start":{"line":288,"column":8},"end":{"line":288,"column":8},"skip":true},{"start":{"line":288,"column":8},"end":{"line":288,"column":8},"skip":true}]},"21":{"line":288,"type":"binary-expr","locations":[{"start":{"line":288,"column":12},"end":{"line":288,"column":40},"skip":true},{"start":{"line":288,"column":44},"end":{"line":288,"column":67},"skip":true}]},"22":{"line":292,"type":"binary-expr","locations":[{"start":{"line":292,"column":12},"end":{"line":292,"column":50},"skip":true},{"start":{"line":293,"column":12},"end":{"line":293,"column":53},"skip":true}]},"23":{"line":297,"type":"binary-expr","locations":[{"start":{"line":297,"column":12},"end":{"line":297,"column":73},"skip":true},{"start":{"line":298,"column":12},"end":{"line":301,"column":36},"skip":true}]},"24":{"line":303,"type":"binary-expr","locations":[{"start":{"line":303,"column":43},"end":{"line":303,"column":75},"skip":true},{"start":{"line":303,"column":79},"end":{"line":303,"column":81},"skip":true}]},"25":{"line":306,"type":"if","locations":[{"start":{"line":306,"column":8},"end":{"line":306,"column":8},"skip":true},{"start":{"line":306,"column":8},"end":{"line":306,"column":8},"skip":true}]},"26":{"line":310,"type":"if","locations":[{"start":{"line":310,"column":8},"end":{"line":310,"column":8},"skip":true},{"start":{"line":310,"column":8},"end":{"line":310,"column":8},"skip":true}]},"27":{"line":313,"type":"binary-expr","locations":[{"start":{"line":313,"column":27},"end":{"line":313,"column":43},"skip":true},{"start":{"line":313,"column":47},"end":{"line":313,"column":53},"skip":true}]},"28":{"line":317,"type":"if","locations":[{"start":{"line":317,"column":12},"end":{"line":317,"column":12},"skip":true},{"start":{"line":317,"column":12},"end":{"line":317,"column":12},"skip":true}]}},"code":["/*","example.js","","quickstart example","","instruction","    1. save this script as example.js","    2. run the shell command:","        $ npm install npmtest-fast-json-patch && PORT=8081 node example.js","    3. play with the browser-demo on http://127.0.0.1:8081","*/","","","","/* istanbul instrument in package npmtest_fast_json_patch */","/*jslint","    bitwise: true,","    browser: true,","    maxerr: 8,","    maxlen: 96,","    node: true,","    nomen: true,","    regexp: true,","    stupid: true","*/","(function () {","    'use strict';","    var local;","","","","    // run shared js-env code - pre-init","    (function () {","        // init local","        local = {};","        // init modeJs","        local.modeJs = (function () {","            try {","                return typeof navigator.userAgent === 'string' &&","                    typeof document.querySelector('body') === 'object' &&","                    typeof XMLHttpRequest.prototype.open === 'function' &&","                    'browser';","            } catch (errorCaughtBrowser) {","                return module.exports &&","                    typeof process.versions.node === 'string' &&","                    typeof require('http').createServer === 'function' &&","                    'node';","            }","        }());","        // init global","        local.global = local.modeJs === 'browser'","            ? window","            : global;","        // init utility2_rollup","        local = local.global.utility2_rollup || (local.modeJs === 'browser'","            ? local.global.utility2_npmtest_fast_json_patch","            : global.utility2_moduleExports);","        // export local","        local.global.local = local;","    }());","    switch (local.modeJs) {","","","","    // post-init","    // run browser js-env code - post-init","    /* istanbul ignore next */","    case 'browser':","        local.testRunBrowser = function (event) {","            if (!event || (event &&","                    event.currentTarget &&","                    event.currentTarget.className &&","                    event.currentTarget.className.includes &&","                    event.currentTarget.className.includes('onreset'))) {","                // reset output","                Array.from(","                    document.querySelectorAll('body > .resettable')","                ).forEach(function (element) {","                    switch (element.tagName) {","                    case 'INPUT':","                    case 'TEXTAREA':","                        element.value = '';","                        break;","                    default:","                        element.textContent = '';","                    }","                });","            }","            switch (event && event.currentTarget && event.currentTarget.id) {","            case 'testRunButton1':","                // show tests","                if (document.querySelector('#testReportDiv1').style.display === 'none') {","                    document.querySelector('#testReportDiv1').style.display = 'block';","                    document.querySelector('#testRunButton1').textContent =","                        'hide internal test';","                    local.modeTest = true;","                    local.testRunDefault(local);","                // hide tests","                } else {","                    document.querySelector('#testReportDiv1').style.display = 'none';","                    document.querySelector('#testRunButton1').textContent = 'run internal test';","                }","                break;","            // custom-case","            default:","                break;","            }","            if (document.querySelector('#inputTextareaEval1') && (!event || (event &&","                    event.currentTarget &&","                    event.currentTarget.className &&","                    event.currentTarget.className.includes &&","                    event.currentTarget.className.includes('oneval')))) {","                // try to eval input-code","                try {","                    /*jslint evil: true*/","                    eval(document.querySelector('#inputTextareaEval1').value);","                } catch (errorCaught) {","                    console.error(errorCaught);","                }","            }","        };","        // log stderr and stdout to #outputTextareaStdout1","        ['error', 'log'].forEach(function (key) {","            console[key + '_original'] = console[key];","            console[key] = function () {","                var element;","                console[key + '_original'].apply(console, arguments);","                element = document.querySelector('#outputTextareaStdout1');","                if (!element) {","                    return;","                }","                // append text to #outputTextareaStdout1","                element.value += Array.from(arguments).map(function (arg) {","                    return typeof arg === 'string'","                        ? arg","                        : JSON.stringify(arg, null, 4);","                }).join(' ') + '\\n';","                // scroll textarea to bottom","                element.scrollTop = element.scrollHeight;","            };","        });","        // init event-handling","        ['change', 'click', 'keyup'].forEach(function (event) {","            Array.from(document.querySelectorAll('.on' + event)).forEach(function (element) {","                element.addEventListener(event, local.testRunBrowser);","            });","        });","        // run tests","        local.testRunBrowser();","        break;","","","","    // run node js-env code - post-init","    /* istanbul ignore next */","    case 'node':","        // export local","        module.exports = local;","        // require modules","        local.fs = require('fs');","        local.http = require('http');","        local.url = require('url');","        // init assets","        local.assetsDict = local.assetsDict || {};","        /* jslint-ignore-begin */","        local.assetsDict['/assets.index.template.html'] = '\\","<!doctype html>\\n\\","<html lang=\"en\">\\n\\","<head>\\n\\","<meta charset=\"UTF-8\">\\n\\","<meta name=\"viewport\" content=\"width=device-width, initial-scale=1\">\\n\\","<title>{{env.npm_package_name}} (v{{env.npm_package_version}})</title>\\n\\","<style>\\n\\","/*csslint\\n\\","    box-sizing: false,\\n\\","    universal-selector: false\\n\\","*/\\n\\","* {\\n\\","    box-sizing: border-box;\\n\\","}\\n\\","body {\\n\\","    background: #dde;\\n\\","    font-family: Arial, Helvetica, sans-serif;\\n\\","    margin: 2rem;\\n\\","}\\n\\","body > * {\\n\\","    margin-bottom: 1rem;\\n\\","}\\n\\",".utility2FooterDiv {\\n\\","    margin-top: 20px;\\n\\","    text-align: center;\\n\\","}\\n\\","</style>\\n\\","<style>\\n\\","/*csslint\\n\\","*/\\n\\","textarea {\\n\\","    font-family: monospace;\\n\\","    height: 10rem;\\n\\","    width: 100%;\\n\\","}\\n\\","textarea[readonly] {\\n\\","    background: #ddd;\\n\\","}\\n\\","</style>\\n\\","</head>\\n\\","<body>\\n\\","<!-- utility2-comment\\n\\","<div id=\"ajaxProgressDiv1\" style=\"background: #d00; height: 2px; left: 0; margin: 0; padding: 0; position: fixed; top: 0; transition: background 0.5s, width 1.5s; width: 25%;\"></div>\\n\\","utility2-comment -->\\n\\","<h1>\\n\\","<!-- utility2-comment\\n\\","    <a\\n\\","        {{#if env.npm_package_homepage}}\\n\\","        href=\"{{env.npm_package_homepage}}\"\\n\\","        {{/if env.npm_package_homepage}}\\n\\","        target=\"_blank\"\\n\\","    >\\n\\","utility2-comment -->\\n\\","        {{env.npm_package_name}} (v{{env.npm_package_version}})\\n\\","<!-- utility2-comment\\n\\","    </a>\\n\\","utility2-comment -->\\n\\","</h1>\\n\\","<h3>{{env.npm_package_description}}</h3>\\n\\","<!-- utility2-comment\\n\\","<h4><a download href=\"assets.app.js\">download standalone app</a></h4>\\n\\","<button class=\"onclick onreset\" id=\"testRunButton1\">run internal test</button><br>\\n\\","<div id=\"testReportDiv1\" style=\"display: none;\"></div>\\n\\","utility2-comment -->\\n\\","\\n\\","\\n\\","\\n\\","<label>stderr and stdout</label>\\n\\","<textarea class=\"resettable\" id=\"outputTextareaStdout1\" readonly></textarea>\\n\\","<!-- utility2-comment\\n\\","{{#if isRollup}}\\n\\","<script src=\"assets.app.js\"></script>\\n\\","{{#unless isRollup}}\\n\\","utility2-comment -->\\n\\","<script src=\"assets.utility2.rollup.js\"></script>\\n\\","<script src=\"jsonp.utility2._stateInit?callback=window.utility2._stateInit\"></script>\\n\\","<script src=\"assets.npmtest_fast_json_patch.rollup.js\"></script>\\n\\","<script src=\"assets.example.js\"></script>\\n\\","<script src=\"assets.test.js\"></script>\\n\\","<!-- utility2-comment\\n\\","{{/if isRollup}}\\n\\","utility2-comment -->\\n\\","<div class=\"utility2FooterDiv\">\\n\\","    [ this app was created with\\n\\","    <a href=\"https://github.com/kaizhu256/node-utility2\" target=\"_blank\">utility2</a>\\n\\","    ]\\n\\","</div>\\n\\","</body>\\n\\","</html>\\n\\","';","        /* jslint-ignore-end */","        if (local.templateRender) {","            local.assetsDict['/'] = local.templateRender(","                local.assetsDict['/assets.index.template.html'],","                {","                    env: local.objectSetDefault(local.env, {","                        npm_package_description: 'the greatest app in the world!',","                        npm_package_name: 'my-app',","                        npm_package_nameAlias: 'my_app',","                        npm_package_version: '0.0.1'","                    })","                }","            );","        } else {","            local.assetsDict['/'] = local.assetsDict['/assets.index.template.html']","                .replace((/\\{\\{env\\.(\\w+?)\\}\\}/g), function (match0, match1) {","                    // jslint-hack","                    String(match0);","                    switch (match1) {","                    case 'npm_package_description':","                        return 'the greatest app in the world!';","                    case 'npm_package_name':","                        return 'my-app';","                    case 'npm_package_nameAlias':","                        return 'my_app';","                    case 'npm_package_version':","                        return '0.0.1';","                    }","                });","        }","        // run the cli","        if (local.global.utility2_rollup || module !== require.main) {","            break;","        }","        local.assetsDict['/assets.example.js'] =","            local.assetsDict['/assets.example.js'] ||","            local.fs.readFileSync(__filename, 'utf8');","        // bug-workaround - long $npm_package_buildCustomOrg","        /* jslint-ignore-begin */","        local.assetsDict['/assets.npmtest_fast_json_patch.rollup.js'] =","            local.assetsDict['/assets.npmtest_fast_json_patch.rollup.js'] ||","            local.fs.readFileSync(","                local.npmtest_fast_json_patch.__dirname + '/lib.npmtest_fast_json_patch.js',","                'utf8'","            ).replace((/^#!/), '//');","        /* jslint-ignore-end */","        local.assetsDict['/favicon.ico'] = local.assetsDict['/favicon.ico'] || '';","        // if $npm_config_timeout_exit exists,","        // then exit this process after $npm_config_timeout_exit ms","        if (Number(process.env.npm_config_timeout_exit)) {","            setTimeout(process.exit, Number(process.env.npm_config_timeout_exit));","        }","        // start server","        if (local.global.utility2_serverHttp1) {","            break;","        }","        process.env.PORT = process.env.PORT || '8081';","        console.error('server starting on port ' + process.env.PORT);","        local.http.createServer(function (request, response) {","            request.urlParsed = local.url.parse(request.url);","            if (local.assetsDict[request.urlParsed.pathname] !== undefined) {","                response.end(local.assetsDict[request.urlParsed.pathname]);","                return;","            }","            response.statusCode = 404;","            response.end();","        }).listen(process.env.PORT);","        break;","    }","}());",""],"l":{"26":2,"28":2,"33":2,"35":2,"37":2,"38":2,"39":2,"44":1,"51":2,"55":2,"59":2,"61":2,"69":1,"70":2,"76":2,"79":2,"82":2,"83":2,"85":1,"89":2,"92":1,"93":1,"94":1,"96":1,"97":1,"100":1,"101":1,"103":1,"106":1,"108":2,"114":1,"116":1,"118":1,"123":1,"124":2,"125":2,"126":3,"127":3,"128":3,"129":3,"130":1,"133":3,"134":3,"139":3,"143":1,"144":3,"145":1,"149":1,"150":1,"158":1,"160":1,"161":1,"162":1,"164":1,"166":1,"258":1,"259":1,"271":1,"274":6,"275":6,"277":1,"279":2,"281":1,"283":2,"288":1,"289":1,"291":1,"296":1,"303":1,"306":1,"307":1,"310":1,"311":1,"313":1,"314":1,"315":1,"316":1,"317":1,"318":1,"319":1,"321":1,"322":1,"324":1}},"/home/travis/build/npmtest/node-npmtest-fast-json-patch/node_modules/fast-json-patch/src/json-patch-duplex.js":{"path":"/home/travis/build/npmtest/node-npmtest-fast-json-patch/node_modules/fast-json-patch/src/json-patch-duplex.js","s":{"1":1,"2":1,"3":1,"4":0,"5":0,"6":0,"7":0,"8":0,"9":0,"10":0,"11":0,"12":0,"13":0,"14":0,"15":0,"16":1,"17":0,"18":0,"19":0,"20":0,"21":0,"22":0,"23":0,"24":0,"25":0,"26":0,"27":0,"28":0,"29":0,"30":0,"31":0,"32":0,"33":0,"34":0,"35":0,"36":0,"37":1,"38":0,"39":0,"40":0,"41":0,"42":0,"43":0,"44":0,"45":0,"46":0,"47":0,"48":0,"49":0,"50":0,"51":0,"52":0,"53":0,"54":0,"55":0,"56":0,"57":0,"58":1,"59":0,"60":0,"61":0,"62":0,"63":0,"64":0,"65":0,"66":1,"67":0,"68":0,"69":0,"70":0,"71":0,"72":0,"73":0,"74":0,"75":0,"76":0,"77":0,"78":0,"79":0,"80":0,"81":0,"82":1,"83":0,"84":0,"85":0,"86":1,"87":0,"88":0,"89":0,"90":0,"91":0,"92":0,"93":0,"94":0,"95":0,"96":0,"97":1,"98":0,"99":0,"100":0,"101":0,"102":0,"103":0,"104":1,"105":1,"106":1,"107":0,"108":0,"109":1,"110":1,"111":1,"112":0,"113":0,"114":1,"115":1,"116":0,"117":0,"118":0,"119":1,"120":0,"121":0,"122":0,"123":1,"124":0,"125":0,"126":0,"127":0,"128":1,"129":0,"130":1,"131":1,"132":0,"133":0,"134":0,"135":0,"136":1,"137":0,"138":0,"139":0,"140":0,"141":0,"142":0,"143":0,"144":0,"145":0,"146":0,"147":0,"148":0,"149":0,"150":0,"151":0,"152":0,"153":0,"154":0,"155":0,"156":0,"157":0,"158":0,"159":0,"160":0,"161":0,"162":0,"163":0,"164":0,"165":0,"166":0,"167":0,"168":0,"169":0,"170":0,"171":0,"172":0,"173":0,"174":0,"175":0,"176":0,"177":0,"178":0,"179":0,"180":0,"181":0,"182":0,"183":0,"184":0,"185":0,"186":0,"187":1,"188":1,"189":0,"190":0,"191":0,"192":0,"193":0,"194":0,"195":0,"196":0,"197":0,"198":0,"199":0,"200":0,"201":0,"202":0,"203":1,"204":1,"205":0,"206":0,"207":0,"208":0,"209":0,"210":0,"211":0,"212":0,"213":0,"214":0,"215":0,"216":0,"217":0,"218":0,"219":0,"220":0,"221":0,"222":0,"223":0,"224":0,"225":0,"226":0,"227":0,"228":0,"229":0,"230":0,"231":1,"232":1,"233":1,"234":0,"235":0,"236":1,"237":0,"238":0,"239":0,"240":0,"241":0,"242":0,"243":0,"244":0,"245":0,"246":0,"247":1,"248":0,"249":0,"250":0,"251":0,"252":0,"253":0,"254":0,"255":0,"256":0,"257":0,"258":0,"259":0,"260":0,"261":0,"262":0,"263":0,"264":0,"265":0,"266":0,"267":0,"268":0,"269":0,"270":0,"271":0,"272":0,"273":0,"274":0,"275":0,"276":0,"277":0,"278":0,"279":0,"280":0,"281":0,"282":0,"283":0,"284":0,"285":0,"286":0,"287":0,"288":0,"289":0,"290":0,"291":1,"292":1,"293":0,"294":0,"295":0,"296":1,"297":1,"298":1,"299":2,"300":2,"301":1,"302":1,"303":1,"304":1,"305":1,"306":1,"307":0,"308":0,"309":0,"310":0,"311":0,"312":0,"313":1,"314":1,"315":1,"316":0,"317":0,"318":0,"319":0,"320":0,"321":0,"322":0,"323":1,"324":0,"325":0,"326":0,"327":0,"328":0,"329":0,"330":0,"331":0,"332":0,"333":0,"334":0,"335":0,"336":0,"337":0,"338":0,"339":0,"340":0,"341":0,"342":0,"343":0,"344":0,"345":0,"346":0,"347":0,"348":0,"349":0,"350":0,"351":0,"352":1,"353":1,"354":0,"355":0,"356":0,"357":0,"358":0,"359":0,"360":0,"361":0,"362":0,"363":0,"364":0,"365":1,"366":1,"367":1,"368":1,"369":1,"370":1,"371":1,"372":1,"373":1,"374":1,"375":0,"376":0,"377":1,"378":1,"379":1,"380":0},"b":{"1":[0,0],"2":[0,0],"3":[0,0],"4":[0,0,0,0,0,0],"5":[0,0],"6":[0,0],"7":[0,0],"8":[0,0],"9":[0,0],"10":[0,0],"11":[0,0],"12":[0,0],"13":[0,0],"14":[0,0],"15":[0,0],"16":[0,0],"17":[0,0],"18":[0,0],"19":[0,0],"20":[0,0],"21":[0,0],"22":[0,0],"23":[0,0],"24":[0,0],"25":[0,0],"26":[0,0,0],"27":[0,0],"28":[0,0],"29":[0,0],"30":[0,0],"31":[0,0],"32":[0,0],"33":[0,0],"34":[0,0],"35":[0,0],"36":[0,0],"37":[0,0],"38":[0,0],"39":[0,0],"40":[0,0],"41":[0,0],"42":[0,0,0],"43":[0,0],"44":[0,0,0,0],"45":[0,0],"46":[0,0],"47":[0,0],"48":[0,0],"49":[0,0],"50":[1,0],"51":[0,0],"52":[0,0],"53":[0,0],"54":[0,0],"55":[0,0],"56":[0,0],"57":[0,0],"58":[0,0],"59":[0,0],"60":[0,0],"61":[0,0],"62":[0,0],"63":[0,0],"64":[0,0],"65":[0,0],"66":[0,0],"67":[0,0],"68":[0,0,0],"69":[0,0],"70":[0,0],"71":[0,0],"72":[2,0],"73":[0,1],"74":[0,0],"75":[0,0],"76":[0,0],"77":[0,0],"78":[0,0],"79":[0,0,0],"80":[0,0],"81":[0,0],"82":[0,0],"83":[0,0],"84":[0,0],"85":[0,0,0],"86":[0,0],"87":[0,0,0,0],"88":[0,0],"89":[0,0,0,0],"90":[0,0],"91":[0,0],"92":[0,0],"93":[0,0],"94":[0,0],"95":[0,0,0],"96":[0,0],"97":[0,0],"98":[0,0],"99":[0,0],"100":[0,0],"101":[0,0],"102":[0,0],"103":[0,0],"104":[1,1],"105":[1,0],"106":[0,1]},"f":{"1":1,"2":0,"3":0,"4":0,"5":0,"6":0,"7":0,"8":0,"9":0,"10":0,"11":0,"12":0,"13":0,"14":0,"15":0,"16":0,"17":0,"18":0,"19":0,"20":0,"21":0,"22":1,"23":0,"24":1,"25":0,"26":0,"27":0,"28":0,"29":0,"30":0,"31":0,"32":0,"33":0,"34":0,"35":0,"36":0,"37":0,"38":0,"39":0,"40":0,"41":1,"42":1,"43":1,"44":0,"45":0,"46":0,"47":0},"fnMap":{"1":{"name":"(anonymous_1)","line":8,"loc":{"start":{"line":8,"column":1},"end":{"line":8,"column":22}}},"2":{"name":"(anonymous_2)","line":9,"loc":{"start":{"line":9,"column":22},"end":{"line":9,"column":37}}},"3":{"name":"_equals","line":28,"loc":{"start":{"line":28,"column":4},"end":{"line":28,"column":27}}},"4":{"name":"(anonymous_4)","line":66,"loc":{"start":{"line":66,"column":13},"end":{"line":66,"column":33}}},"5":{"name":"(anonymous_5)","line":69,"loc":{"start":{"line":69,"column":16},"end":{"line":69,"column":36}}},"6":{"name":"(anonymous_6)","line":74,"loc":{"start":{"line":74,"column":17},"end":{"line":74,"column":37}}},"7":{"name":"(anonymous_7)","line":79,"loc":{"start":{"line":79,"column":14},"end":{"line":79,"column":40}}},"8":{"name":"(anonymous_8)","line":95,"loc":{"start":{"line":95,"column":14},"end":{"line":95,"column":40}}},"9":{"name":"(anonymous_9)","line":102,"loc":{"start":{"line":102,"column":14},"end":{"line":102,"column":34}}},"10":{"name":"(anonymous_10)","line":105,"loc":{"start":{"line":105,"column":14},"end":{"line":105,"column":34}}},"11":{"name":"(anonymous_11)","line":111,"loc":{"start":{"line":111,"column":13},"end":{"line":111,"column":31}}},"12":{"name":"(anonymous_12)","line":116,"loc":{"start":{"line":116,"column":16},"end":{"line":116,"column":34}}},"13":{"name":"(anonymous_13)","line":120,"loc":{"start":{"line":120,"column":17},"end":{"line":120,"column":35}}},"14":{"name":"(anonymous_14)","line":132,"loc":{"start":{"line":132,"column":13},"end":{"line":132,"column":28}}},"15":{"name":"(anonymous_15)","line":140,"loc":{"start":{"line":140,"column":16},"end":{"line":140,"column":31}}},"16":{"name":"(anonymous_16)","line":150,"loc":{"start":{"line":150,"column":17},"end":{"line":150,"column":32}}},"17":{"name":"(anonymous_17)","line":161,"loc":{"start":{"line":161,"column":14},"end":{"line":161,"column":29}}},"18":{"name":"(anonymous_18)","line":164,"loc":{"start":{"line":164,"column":14},"end":{"line":164,"column":29}}},"19":{"name":"escapePathComponent","line":168,"loc":{"start":{"line":168,"column":4},"end":{"line":168,"column":38}}},"20":{"name":"_getPathRecursive","line":173,"loc":{"start":{"line":173,"column":4},"end":{"line":173,"column":42}}},"21":{"name":"getPath","line":190,"loc":{"start":{"line":190,"column":4},"end":{"line":190,"column":32}}},"22":{"name":"(anonymous_22)","line":201,"loc":{"start":{"line":201,"column":18},"end":{"line":201,"column":30}}},"23":{"name":"Mirror","line":202,"loc":{"start":{"line":202,"column":8},"end":{"line":202,"column":29}}},"24":{"name":"(anonymous_24)","line":208,"loc":{"start":{"line":208,"column":24},"end":{"line":208,"column":36}}},"25":{"name":"ObserverInfo","line":209,"loc":{"start":{"line":209,"column":8},"end":{"line":209,"column":50}}},"26":{"name":"getMirror","line":215,"loc":{"start":{"line":215,"column":4},"end":{"line":215,"column":28}}},"27":{"name":"getObserverFromMirror","line":222,"loc":{"start":{"line":222,"column":4},"end":{"line":222,"column":53}}},"28":{"name":"removeObserverFromMirror","line":229,"loc":{"start":{"line":229,"column":4},"end":{"line":229,"column":56}}},"29":{"name":"unobserve","line":237,"loc":{"start":{"line":237,"column":4},"end":{"line":237,"column":39}}},"30":{"name":"deepClone","line":241,"loc":{"start":{"line":241,"column":4},"end":{"line":241,"column":28}}},"31":{"name":"observe","line":251,"loc":{"start":{"line":251,"column":4},"end":{"line":251,"column":36}}},"32":{"name":"(anonymous_32)","line":271,"loc":{"start":{"line":271,"column":29},"end":{"line":271,"column":41}}},"33":{"name":"(anonymous_33)","line":274,"loc":{"start":{"line":274,"column":28},"end":{"line":274,"column":40}}},"34":{"name":"(anonymous_34)","line":297,"loc":{"start":{"line":297,"column":29},"end":{"line":297,"column":41}}},"35":{"name":"generate","line":320,"loc":{"start":{"line":320,"column":4},"end":{"line":320,"column":32}}},"36":{"name":"_generate","line":343,"loc":{"start":{"line":343,"column":4},"end":{"line":343,"column":51}}},"37":{"name":"(anonymous_37)","line":391,"loc":{"start":{"line":391,"column":19},"end":{"line":391,"column":34}}},"38":{"name":"isInteger","line":396,"loc":{"start":{"line":396,"column":4},"end":{"line":396,"column":28}}},"39":{"name":"apply","line":417,"loc":{"start":{"line":417,"column":4},"end":{"line":417,"column":44}}},"40":{"name":"compare","line":483,"loc":{"start":{"line":483,"column":4},"end":{"line":483,"column":35}}},"41":{"name":"__extends","line":490,"loc":{"start":{"line":490,"column":4},"end":{"line":490,"column":29}}},"42":{"name":"__","line":494,"loc":{"start":{"line":494,"column":8},"end":{"line":494,"column":22}}},"43":{"name":"(anonymous_43)","line":497,"loc":{"start":{"line":497,"column":26},"end":{"line":497,"column":44}}},"44":{"name":"JsonPatchError","line":499,"loc":{"start":{"line":499,"column":8},"end":{"line":499,"column":71}}},"45":{"name":"hasUndefined","line":513,"loc":{"start":{"line":513,"column":4},"end":{"line":513,"column":31}}},"46":{"name":"validator","line":533,"loc":{"start":{"line":533,"column":4},"end":{"line":533,"column":69}}},"47":{"name":"validate","line":586,"loc":{"start":{"line":586,"column":4},"end":{"line":586,"column":38}}}},"statementMap":{"1":{"start":{"line":7,"column":0},"end":{"line":7,"column":14}},"2":{"start":{"line":8,"column":0},"end":{"line":611,"column":34}},"3":{"start":{"line":9,"column":4},"end":{"line":27,"column":6}},"4":{"start":{"line":10,"column":8},"end":{"line":16,"column":9}},"5":{"start":{"line":11,"column":12},"end":{"line":11,"column":45}},"6":{"start":{"line":12,"column":12},"end":{"line":14,"column":13}},"7":{"start":{"line":13,"column":16},"end":{"line":13,"column":33}},"8":{"start":{"line":15,"column":12},"end":{"line":15,"column":24}},"9":{"start":{"line":17,"column":8},"end":{"line":19,"column":9}},"10":{"start":{"line":18,"column":12},"end":{"line":18,"column":36}},"11":{"start":{"line":20,"column":8},"end":{"line":20,"column":22}},"12":{"start":{"line":21,"column":8},"end":{"line":25,"column":9}},"13":{"start":{"line":22,"column":12},"end":{"line":24,"column":13}},"14":{"start":{"line":23,"column":16},"end":{"line":23,"column":29}},"15":{"start":{"line":26,"column":8},"end":{"line":26,"column":20}},"16":{"start":{"line":28,"column":4},"end":{"line":57,"column":5}},"17":{"start":{"line":29,"column":8},"end":{"line":56,"column":9}},"18":{"start":{"line":34,"column":16},"end":{"line":34,"column":31}},"19":{"start":{"line":36,"column":16},"end":{"line":37,"column":38}},"20":{"start":{"line":37,"column":20},"end":{"line":37,"column":38}},"21":{"start":{"line":38,"column":16},"end":{"line":45,"column":17}},"22":{"start":{"line":39,"column":20},"end":{"line":40,"column":37}},"23":{"start":{"line":40,"column":24},"end":{"line":40,"column":37}},"24":{"start":{"line":41,"column":20},"end":{"line":43,"column":41}},"25":{"start":{"line":42,"column":24},"end":{"line":43,"column":41}},"26":{"start":{"line":43,"column":28},"end":{"line":43,"column":41}},"27":{"start":{"line":44,"column":20},"end":{"line":44,"column":32}},"28":{"start":{"line":46,"column":16},"end":{"line":46,"column":43}},"29":{"start":{"line":47,"column":16},"end":{"line":47,"column":43}},"30":{"start":{"line":48,"column":16},"end":{"line":49,"column":33}},"31":{"start":{"line":49,"column":20},"end":{"line":49,"column":33}},"32":{"start":{"line":50,"column":16},"end":{"line":52,"column":37}},"33":{"start":{"line":51,"column":20},"end":{"line":52,"column":37}},"34":{"start":{"line":52,"column":24},"end":{"line":52,"column":37}},"35":{"start":{"line":53,"column":16},"end":{"line":53,"column":28}},"36":{"start":{"line":55,"column":16},"end":{"line":55,"column":29}},"37":{"start":{"line":65,"column":4},"end":{"line":108,"column":6}},"38":{"start":{"line":67,"column":12},"end":{"line":67,"column":34}},"39":{"start":{"line":70,"column":12},"end":{"line":70,"column":35}},"40":{"start":{"line":71,"column":12},"end":{"line":71,"column":28}},"41":{"start":{"line":72,"column":12},"end":{"line":72,"column":27}},"42":{"start":{"line":75,"column":12},"end":{"line":75,"column":35}},"43":{"start":{"line":76,"column":12},"end":{"line":76,"column":34}},"44":{"start":{"line":77,"column":12},"end":{"line":77,"column":27}},"45":{"start":{"line":80,"column":12},"end":{"line":80,"column":73}},"46":{"start":{"line":81,"column":12},"end":{"line":81,"column":50}},"47":{"start":{"line":83,"column":12},"end":{"line":84,"column":85}},"48":{"start":{"line":85,"column":12},"end":{"line":85,"column":55}},"49":{"start":{"line":86,"column":12},"end":{"line":86,"column":32}},"50":{"start":{"line":87,"column":12},"end":{"line":89,"column":15}},"51":{"start":{"line":90,"column":12},"end":{"line":92,"column":15}},"52":{"start":{"line":93,"column":12},"end":{"line":93,"column":28}},"53":{"start":{"line":96,"column":12},"end":{"line":96,"column":55}},"54":{"start":{"line":97,"column":12},"end":{"line":97,"column":32}},"55":{"start":{"line":98,"column":12},"end":{"line":100,"column":15}},"56":{"start":{"line":103,"column":12},"end":{"line":103,"column":49}},"57":{"start":{"line":106,"column":12},"end":{"line":106,"column":34}},"58":{"start":{"line":110,"column":4},"end":{"line":129,"column":6}},"59":{"start":{"line":112,"column":12},"end":{"line":112,"column":41}},"60":{"start":{"line":114,"column":12},"end":{"line":114,"column":21}},"61":{"start":{"line":117,"column":12},"end":{"line":117,"column":47}},"62":{"start":{"line":118,"column":12},"end":{"line":118,"column":34}},"63":{"start":{"line":121,"column":12},"end":{"line":121,"column":33}},"64":{"start":{"line":122,"column":12},"end":{"line":122,"column":32}},"65":{"start":{"line":123,"column":12},"end":{"line":123,"column":27}},"66":{"start":{"line":131,"column":4},"end":{"line":167,"column":6}},"67":{"start":{"line":133,"column":12},"end":{"line":133,"column":43}},"68":{"start":{"line":134,"column":12},"end":{"line":138,"column":13}},"69":{"start":{"line":135,"column":16},"end":{"line":137,"column":17}},"70":{"start":{"line":136,"column":20},"end":{"line":136,"column":47}},"71":{"start":{"line":141,"column":12},"end":{"line":141,"column":29}},"72":{"start":{"line":142,"column":12},"end":{"line":147,"column":13}},"73":{"start":{"line":143,"column":16},"end":{"line":146,"column":17}},"74":{"start":{"line":144,"column":20},"end":{"line":144,"column":44}},"75":{"start":{"line":145,"column":20},"end":{"line":145,"column":55}},"76":{"start":{"line":148,"column":12},"end":{"line":148,"column":27}},"77":{"start":{"line":151,"column":12},"end":{"line":153,"column":15}},"78":{"start":{"line":154,"column":12},"end":{"line":156,"column":15}},"79":{"start":{"line":157,"column":12},"end":{"line":157,"column":30}},"80":{"start":{"line":162,"column":12},"end":{"line":162,"column":72}},"81":{"start":{"line":165,"column":12},"end":{"line":165,"column":29}},"82":{"start":{"line":168,"column":4},"end":{"line":172,"column":5}},"83":{"start":{"line":169,"column":8},"end":{"line":170,"column":23}},"84":{"start":{"line":170,"column":12},"end":{"line":170,"column":23}},"85":{"start":{"line":171,"column":8},"end":{"line":171,"column":60}},"86":{"start":{"line":173,"column":4},"end":{"line":189,"column":5}},"87":{"start":{"line":174,"column":8},"end":{"line":174,"column":18}},"88":{"start":{"line":175,"column":8},"end":{"line":187,"column":9}},"89":{"start":{"line":176,"column":12},"end":{"line":186,"column":13}},"90":{"start":{"line":177,"column":16},"end":{"line":185,"column":17}},"91":{"start":{"line":178,"column":20},"end":{"line":178,"column":58}},"92":{"start":{"line":180,"column":21},"end":{"line":185,"column":17}},"93":{"start":{"line":181,"column":20},"end":{"line":181,"column":62}},"94":{"start":{"line":182,"column":20},"end":{"line":184,"column":21}},"95":{"start":{"line":183,"column":24},"end":{"line":183,"column":70}},"96":{"start":{"line":188,"column":8},"end":{"line":188,"column":18}},"97":{"start":{"line":190,"column":4},"end":{"line":199,"column":5}},"98":{"start":{"line":191,"column":8},"end":{"line":193,"column":9}},"99":{"start":{"line":192,"column":12},"end":{"line":192,"column":23}},"100":{"start":{"line":194,"column":8},"end":{"line":194,"column":48}},"101":{"start":{"line":195,"column":8},"end":{"line":197,"column":9}},"102":{"start":{"line":196,"column":12},"end":{"line":196,"column":56}},"103":{"start":{"line":198,"column":8},"end":{"line":198,"column":26}},"104":{"start":{"line":200,"column":4},"end":{"line":200,"column":24}},"105":{"start":{"line":201,"column":4},"end":{"line":207,"column":9}},"106":{"start":{"line":202,"column":8},"end":{"line":205,"column":9}},"107":{"start":{"line":203,"column":12},"end":{"line":203,"column":32}},"108":{"start":{"line":204,"column":12},"end":{"line":204,"column":27}},"109":{"start":{"line":206,"column":8},"end":{"line":206,"column":22}},"110":{"start":{"line":208,"column":4},"end":{"line":214,"column":9}},"111":{"start":{"line":209,"column":8},"end":{"line":212,"column":9}},"112":{"start":{"line":210,"column":12},"end":{"line":210,"column":37}},"113":{"start":{"line":211,"column":12},"end":{"line":211,"column":37}},"114":{"start":{"line":213,"column":8},"end":{"line":213,"column":28}},"115":{"start":{"line":215,"column":4},"end":{"line":221,"column":5}},"116":{"start":{"line":216,"column":8},"end":{"line":220,"column":9}},"117":{"start":{"line":217,"column":12},"end":{"line":219,"column":13}},"118":{"start":{"line":218,"column":16},"end":{"line":218,"column":37}},"119":{"start":{"line":222,"column":4},"end":{"line":228,"column":5}},"120":{"start":{"line":223,"column":8},"end":{"line":227,"column":9}},"121":{"start":{"line":224,"column":12},"end":{"line":226,"column":13}},"122":{"start":{"line":225,"column":16},"end":{"line":225,"column":52}},"123":{"start":{"line":229,"column":4},"end":{"line":236,"column":5}},"124":{"start":{"line":230,"column":8},"end":{"line":235,"column":9}},"125":{"start":{"line":231,"column":12},"end":{"line":234,"column":13}},"126":{"start":{"line":232,"column":16},"end":{"line":232,"column":46}},"127":{"start":{"line":233,"column":16},"end":{"line":233,"column":23}},"128":{"start":{"line":237,"column":4},"end":{"line":239,"column":5}},"129":{"start":{"line":238,"column":8},"end":{"line":238,"column":29}},"130":{"start":{"line":240,"column":4},"end":{"line":240,"column":36}},"131":{"start":{"line":241,"column":4},"end":{"line":250,"column":5}},"132":{"start":{"line":242,"column":8},"end":{"line":249,"column":9}},"133":{"start":{"line":244,"column":16},"end":{"line":244,"column":55}},"134":{"start":{"line":246,"column":16},"end":{"line":246,"column":28}},"135":{"start":{"line":248,"column":16},"end":{"line":248,"column":27}},"136":{"start":{"line":251,"column":4},"end":{"line":318,"column":5}},"137":{"start":{"line":252,"column":8},"end":{"line":252,"column":25}},"138":{"start":{"line":253,"column":8},"end":{"line":253,"column":23}},"139":{"start":{"line":254,"column":8},"end":{"line":254,"column":21}},"140":{"start":{"line":255,"column":8},"end":{"line":255,"column":36}},"141":{"start":{"line":256,"column":8},"end":{"line":262,"column":9}},"142":{"start":{"line":257,"column":12},"end":{"line":257,"column":37}},"143":{"start":{"line":258,"column":12},"end":{"line":258,"column":36}},"144":{"start":{"line":261,"column":12},"end":{"line":261,"column":63}},"145":{"start":{"line":263,"column":8},"end":{"line":265,"column":9}},"146":{"start":{"line":264,"column":12},"end":{"line":264,"column":28}},"147":{"start":{"line":266,"column":8},"end":{"line":266,"column":22}},"148":{"start":{"line":267,"column":8},"end":{"line":267,"column":38}},"149":{"start":{"line":268,"column":8},"end":{"line":294,"column":9}},"150":{"start":{"line":269,"column":12},"end":{"line":269,"column":41}},"151":{"start":{"line":270,"column":12},"end":{"line":270,"column":33}},"152":{"start":{"line":271,"column":12},"end":{"line":273,"column":14}},"153":{"start":{"line":272,"column":16},"end":{"line":272,"column":35}},"154":{"start":{"line":274,"column":12},"end":{"line":277,"column":14}},"155":{"start":{"line":275,"column":16},"end":{"line":275,"column":44}},"156":{"start":{"line":276,"column":16},"end":{"line":276,"column":55}},"157":{"start":{"line":278,"column":12},"end":{"line":293,"column":13}},"158":{"start":{"line":279,"column":16},"end":{"line":292,"column":17}},"159":{"start":{"line":280,"column":20},"end":{"line":280,"column":66}},"160":{"start":{"line":281,"column":20},"end":{"line":281,"column":64}},"161":{"start":{"line":282,"column":20},"end":{"line":282,"column":68}},"162":{"start":{"line":283,"column":20},"end":{"line":283,"column":66}},"163":{"start":{"line":284,"column":20},"end":{"line":284,"column":65}},"164":{"start":{"line":287,"column":20},"end":{"line":287,"column":81}},"165":{"start":{"line":288,"column":20},"end":{"line":288,"column":79}},"166":{"start":{"line":289,"column":20},"end":{"line":289,"column":83}},"167":{"start":{"line":290,"column":20},"end":{"line":290,"column":81}},"168":{"start":{"line":291,"column":20},"end":{"line":291,"column":80}},"169":{"start":{"line":295,"column":8},"end":{"line":295,"column":35}},"170":{"start":{"line":296,"column":8},"end":{"line":296,"column":30}},"171":{"start":{"line":297,"column":8},"end":{"line":315,"column":10}},"172":{"start":{"line":298,"column":12},"end":{"line":298,"column":31}},"173":{"start":{"line":299,"column":12},"end":{"line":299,"column":40}},"174":{"start":{"line":300,"column":12},"end":{"line":300,"column":55}},"175":{"start":{"line":301,"column":12},"end":{"line":314,"column":13}},"176":{"start":{"line":302,"column":16},"end":{"line":313,"column":17}},"177":{"start":{"line":303,"column":20},"end":{"line":303,"column":69}},"178":{"start":{"line":304,"column":20},"end":{"line":304,"column":67}},"179":{"start":{"line":305,"column":20},"end":{"line":305,"column":71}},"180":{"start":{"line":306,"column":20},"end":{"line":306,"column":69}},"181":{"start":{"line":309,"column":20},"end":{"line":309,"column":81}},"182":{"start":{"line":310,"column":20},"end":{"line":310,"column":79}},"183":{"start":{"line":311,"column":20},"end":{"line":311,"column":83}},"184":{"start":{"line":312,"column":20},"end":{"line":312,"column":81}},"185":{"start":{"line":316,"column":8},"end":{"line":316,"column":68}},"186":{"start":{"line":317,"column":8},"end":{"line":317,"column":24}},"187":{"start":{"line":319,"column":4},"end":{"line":319,"column":32}},"188":{"start":{"line":320,"column":4},"end":{"line":340,"column":5}},"189":{"start":{"line":321,"column":8},"end":{"line":321,"column":19}},"190":{"start":{"line":322,"column":8},"end":{"line":327,"column":9}},"191":{"start":{"line":323,"column":12},"end":{"line":326,"column":13}},"192":{"start":{"line":324,"column":16},"end":{"line":324,"column":39}},"193":{"start":{"line":325,"column":16},"end":{"line":325,"column":22}},"194":{"start":{"line":328,"column":8},"end":{"line":328,"column":71}},"195":{"start":{"line":329,"column":8},"end":{"line":331,"column":9}},"196":{"start":{"line":330,"column":12},"end":{"line":330,"column":50}},"197":{"start":{"line":332,"column":8},"end":{"line":332,"column":36}},"198":{"start":{"line":333,"column":8},"end":{"line":338,"column":9}},"199":{"start":{"line":334,"column":12},"end":{"line":334,"column":34}},"200":{"start":{"line":335,"column":12},"end":{"line":337,"column":13}},"201":{"start":{"line":336,"column":16},"end":{"line":336,"column":40}},"202":{"start":{"line":339,"column":8},"end":{"line":339,"column":20}},"203":{"start":{"line":341,"column":4},"end":{"line":341,"column":34}},"204":{"start":{"line":343,"column":4},"end":{"line":385,"column":5}},"205":{"start":{"line":344,"column":8},"end":{"line":346,"column":9}},"206":{"start":{"line":345,"column":12},"end":{"line":345,"column":19}},"207":{"start":{"line":348,"column":8},"end":{"line":350,"column":9}},"208":{"start":{"line":349,"column":12},"end":{"line":349,"column":31}},"209":{"start":{"line":351,"column":8},"end":{"line":351,"column":39}},"210":{"start":{"line":352,"column":8},"end":{"line":352,"column":42}},"211":{"start":{"line":353,"column":8},"end":{"line":353,"column":28}},"212":{"start":{"line":354,"column":8},"end":{"line":354,"column":28}},"213":{"start":{"line":356,"column":8},"end":{"line":375,"column":9}},"214":{"start":{"line":357,"column":12},"end":{"line":357,"column":33}},"215":{"start":{"line":358,"column":12},"end":{"line":358,"column":37}},"216":{"start":{"line":359,"column":12},"end":{"line":374,"column":13}},"217":{"start":{"line":360,"column":16},"end":{"line":360,"column":38}},"218":{"start":{"line":361,"column":16},"end":{"line":369,"column":17}},"219":{"start":{"line":362,"column":20},"end":{"line":362,"column":94}},"220":{"start":{"line":365,"column":20},"end":{"line":368,"column":21}},"221":{"start":{"line":366,"column":24},"end":{"line":366,"column":39}},"222":{"start":{"line":367,"column":24},"end":{"line":367,"column":127}},"223":{"start":{"line":372,"column":16},"end":{"line":372,"column":92}},"224":{"start":{"line":373,"column":16},"end":{"line":373,"column":31}},"225":{"start":{"line":376,"column":8},"end":{"line":378,"column":9}},"226":{"start":{"line":377,"column":12},"end":{"line":377,"column":19}},"227":{"start":{"line":379,"column":8},"end":{"line":384,"column":9}},"228":{"start":{"line":380,"column":12},"end":{"line":380,"column":33}},"229":{"start":{"line":381,"column":12},"end":{"line":383,"column":13}},"230":{"start":{"line":382,"column":16},"end":{"line":382,"column":117}},"231":{"start":{"line":386,"column":4},"end":{"line":386,"column":17}},"232":{"start":{"line":387,"column":4},"end":{"line":394,"column":5}},"233":{"start":{"line":388,"column":8},"end":{"line":388,"column":33}},"234":{"start":{"line":391,"column":8},"end":{"line":393,"column":10}},"235":{"start":{"line":392,"column":12},"end":{"line":392,"column":62}},"236":{"start":{"line":396,"column":4},"end":{"line":409,"column":5}},"237":{"start":{"line":397,"column":8},"end":{"line":397,"column":18}},"238":{"start":{"line":398,"column":8},"end":{"line":398,"column":29}},"239":{"start":{"line":399,"column":8},"end":{"line":399,"column":21}},"240":{"start":{"line":400,"column":8},"end":{"line":407,"column":9}},"241":{"start":{"line":401,"column":12},"end":{"line":401,"column":41}},"242":{"start":{"line":402,"column":12},"end":{"line":405,"column":13}},"243":{"start":{"line":403,"column":16},"end":{"line":403,"column":20}},"244":{"start":{"line":404,"column":16},"end":{"line":404,"column":25}},"245":{"start":{"line":406,"column":12},"end":{"line":406,"column":25}},"246":{"start":{"line":408,"column":8},"end":{"line":408,"column":20}},"247":{"start":{"line":417,"column":4},"end":{"line":481,"column":5}},"248":{"start":{"line":418,"column":8},"end":{"line":418,"column":67}},"249":{"start":{"line":419,"column":8},"end":{"line":479,"column":9}},"250":{"start":{"line":420,"column":12},"end":{"line":420,"column":31}},"251":{"start":{"line":421,"column":12},"end":{"line":421,"column":16}},"252":{"start":{"line":423,"column":12},"end":{"line":423,"column":40}},"253":{"start":{"line":424,"column":12},"end":{"line":424,"column":39}},"254":{"start":{"line":425,"column":12},"end":{"line":425,"column":27}},"255":{"start":{"line":426,"column":12},"end":{"line":426,"column":22}},"256":{"start":{"line":427,"column":12},"end":{"line":427,"column":34}},"257":{"start":{"line":428,"column":12},"end":{"line":428,"column":49}},"258":{"start":{"line":429,"column":12},"end":{"line":478,"column":13}},"259":{"start":{"line":430,"column":16},"end":{"line":430,"column":30}},"260":{"start":{"line":431,"column":16},"end":{"line":443,"column":17}},"261":{"start":{"line":432,"column":20},"end":{"line":442,"column":21}},"262":{"start":{"line":433,"column":24},"end":{"line":438,"column":25}},"263":{"start":{"line":434,"column":28},"end":{"line":434,"column":78}},"264":{"start":{"line":436,"column":29},"end":{"line":438,"column":25}},"265":{"start":{"line":437,"column":28},"end":{"line":437,"column":62}},"266":{"start":{"line":439,"column":24},"end":{"line":441,"column":25}},"267":{"start":{"line":440,"column":28},"end":{"line":440,"column":85}},"268":{"start":{"line":444,"column":16},"end":{"line":444,"column":20}},"269":{"start":{"line":445,"column":16},"end":{"line":450,"column":17}},"270":{"start":{"line":446,"column":20},"end":{"line":449,"column":21}},"271":{"start":{"line":447,"column":24},"end":{"line":447,"column":84}},"272":{"start":{"line":448,"column":24},"end":{"line":448,"column":30}},"273":{"start":{"line":451,"column":16},"end":{"line":476,"column":17}},"274":{"start":{"line":452,"column":20},"end":{"line":460,"column":21}},"275":{"start":{"line":453,"column":24},"end":{"line":453,"column":41}},"276":{"start":{"line":456,"column":24},"end":{"line":458,"column":25}},"277":{"start":{"line":457,"column":28},"end":{"line":457,"column":240}},"278":{"start":{"line":459,"column":24},"end":{"line":459,"column":48}},"279":{"start":{"line":461,"column":20},"end":{"line":467,"column":21}},"280":{"start":{"line":462,"column":24},"end":{"line":464,"column":25}},"281":{"start":{"line":463,"column":28},"end":{"line":463,"column":196}},"282":{"start":{"line":465
[...]
},{"start":{"line":348,"column":29},"end":{"line":348,"column":73}}]},"66":{"line":364,"type":"if","locations":[{"start":{"line":364,"column":12},"end":{"line":364,"column":12}},{"start":{"line":364,"column":12},"end":{"line":364,"column":12}}]},"67":{"line":367,"type":"if","locations":[{"start":{"line":367,"column":12},"end":{"line":367,"column":12}},{"start":{"line":367,"column":12},"end":{"line":367,"column":12}}]},"68":{"line":378,"type":"if","locations":[{"start":{"line":378,"column":12},"end":{"line":378,"column":12}},{"start":{"line":378,"column":12},"end":{"line":378,"column":12}}]},"69":{"line":387,"type":"binary-expr","locations":[{"start":{"line":387,"column":3},"end":{"line":387,"column":12}},{"start":{"line":387,"column":17},"end":{"line":387,"column":31}}]},"70":{"line":388,"type":"if","locations":[{"start":{"line":388,"column":0},"end":{"line":388,"column":0}},{"start":{"line":388,"column":0},"end":{"line":388,"column":0}}]},"71":{"line":406,"type":"if","locations":[{"start":{"line":406,"column":0},"end":{"line":406,"column":0}},{"start":{"line":406,"column":0},"end":{"line":406,"column":0}}]}},"code":["/*!"," * https://github.com/Starcounter-Jack/JSON-Patch"," * json-patch-duplex.js version: 1.1.8"," * (c) 2013 Joachim Wester"," * MIT license"," */","var jsonpatch;","(function (jsonpatch) {","    var _objectKeys = function (obj) {","        if (_isArray(obj)) {","            var keys = new Array(obj.length);","            for (var k = 0; k < keys.length; k++) {","                keys[k] = \"\" + k;","            }","            return keys;","        }","        if (Object.keys) {","            return Object.keys(obj);","        }","        var keys = [];","        for (var i in obj) {","            if (obj.hasOwnProperty(i)) {","                keys.push(i);","            }","        }","        return keys;","    };","    function _equals(a, b) {","        switch (typeof a) {","            case 'undefined': //backward compatibility, but really I think we should return false","            case 'boolean':","            case 'string':","            case 'number':","                return a === b;","            case 'object':","                if (a === null)","                    return b === null;","                if (_isArray(a)) {","                    if (!_isArray(b) || a.length !== b.length)","                        return false;","                    for (var i = 0, l = a.length; i < l; i++)","                        if (!_equals(a[i], b[i]))","                            return false;","                    return true;","                }","                var bKeys = _objectKeys(b);","                var bLength = bKeys.length;","                if (_objectKeys(a).length !== bLength)","                    return false;","                for (var i = 0; i < bLength; i++)","                    if (!_equals(a[i], b[i]))","                        return false;","                return true;","            default:","                return false;","        }","    }","    /* We use a Javascript hash to store each","     function. Each hash entry (property) uses","     the operation identifiers specified in rfc6902.","     In this way, we can map each patch operation","     to its dedicated function in efficient way.","     */","    /* The operations applicable to an object */","    var objOps = {","        add: function (obj, key) {","            obj[key] = this.value;","        },","        remove: function (obj, key) {","            var removed = obj[key];","            delete obj[key];","            return removed;","        },","        replace: function (obj, key) {","            var removed = obj[key];","            obj[key] = this.value;","            return removed;","        },","        move: function (obj, key, tree) {","            var getOriginalDestination = { op: \"_get\", path: this.path };","            apply(tree, [getOriginalDestination]);","            // In case value is moved up and overwrites its ancestor","            var original = getOriginalDestination.value === undefined ?","                undefined : JSON.parse(JSON.stringify(getOriginalDestination.value));","            var temp = { op: \"_get\", path: this.from };","            apply(tree, [temp]);","            apply(tree, [","                { op: \"remove\", path: this.from }","            ]);","            apply(tree, [","                { op: \"add\", path: this.path, value: temp.value }","            ]);","            return original;","        },","        copy: function (obj, key, tree) {","            var temp = { op: \"_get\", path: this.from };","            apply(tree, [temp]);","            apply(tree, [","                { op: \"add\", path: this.path, value: temp.value }","            ]);","        },","        test: function (obj, key) {","            return _equals(obj[key], this.value);","        },","        _get: function (obj, key) {","            this.value = obj[key];","        }","    };","    /* The operations applicable to an array. Many are the same as for the object */","    var arrOps = {","        add: function (arr, i) {","            arr.splice(i, 0, this.value);","            // this may be needed when using '-' in an array","            return i;","        },","        remove: function (arr, i) {","            var removedList = arr.splice(i, 1);","            return removedList[0];","        },","        replace: function (arr, i) {","            var removed = arr[i];","            arr[i] = this.value;","            return removed;","        },","        move: objOps.move,","        copy: objOps.copy,","        test: objOps.test,","        _get: objOps._get","    };","    /* The operations applicable to object root. Many are the same as for the object */","    var rootOps = {","        add: function (obj) {","            rootOps.remove.call(this, obj);","            for (var key in this.value) {","                if (this.value.hasOwnProperty(key)) {","                    obj[key] = this.value[key];","                }","            }","        },","        remove: function (obj) {","            var removed = {};","            for (var key in obj) {","                if (obj.hasOwnProperty(key)) {","                    removed[key] = obj[key];","                    objOps.remove.call(this, obj, key);","                }","            }","            return removed;","        },","        replace: function (obj) {","            var removed = apply(obj, [","                { op: \"remove\", path: this.path }","            ]);","            apply(obj, [","                { op: \"add\", path: this.path, value: this.value }","            ]);","            return removed[0];","        },","        move: objOps.move,","        copy: objOps.copy,","        test: function (obj) {","            return (JSON.stringify(obj) === JSON.stringify(this.value));","        },","        _get: function (obj) {","            this.value = obj;","        }","    };","    var _isArray;","    if (Array.isArray) {","        _isArray = Array.isArray;","    }","    else {","        _isArray = function (obj) {","            return obj.push && typeof obj.length === 'number';","        };","    }","    //3x faster than cached /^\\d+$/.test(str)","    function isInteger(str) {","        var i = 0;","        var len = str.length;","        var charCode;","        while (i < len) {","            charCode = str.charCodeAt(i);","            if (charCode >= 48 && charCode <= 57) {","                i++;","                continue;","            }","            return false;","        }","        return true;","    }","    /**","     * Apply a json-patch operation on an object tree","     * Returns an array of results of operations.","     * Each element can either be a boolean (if op == 'test') or","     * the removed object (operations that remove things)","     * or just be undefined","     */","    function apply(tree, patches, validate) {","        var results = new Array(patches.length), p = 0, plen = patches.length, patch, key;","        while (p < plen) {","            patch = patches[p];","            p++;","            // Find the object","            var path = patch.path || \"\";","            var keys = path.split('/');","            var obj = tree;","            var t = 1; //skip empty element - http://jsperf.com/to-shift-or-not-to-shift","            var len = keys.length;","            var existingPathFragment = undefined;","            while (true) {","                key = keys[t];","                if (validate) {","                    if (existingPathFragment === undefined) {","                        if (obj[key] === undefined) {","                            existingPathFragment = keys.slice(0, t).join('/');","                        }","                        else if (t == len - 1) {","                            existingPathFragment = patch.path;","                        }","                        if (existingPathFragment !== undefined) {","                            this.validator(patch, p - 1, tree, existingPathFragment);","                        }","                    }","                }","                t++;","                if (key === undefined) {","                    if (t >= len) {","                        results[p - 1] = rootOps[patch.op].call(patch, obj, key, tree); // Apply patch","                        break;","                    }","                }","                if (_isArray(obj)) {","                    if (key === '-') {","                        key = obj.length;","                    }","                    else {","                        if (validate && !isInteger(key)) {","                            throw new JsonPatchError(\"Expected an unsigned base-10 integer value, making the new referenced value the array element with the zero-based index\", \"OPERATION_PATH_ILLEGAL_ARRAY_INDEX\", p - 1, patch.path, patch);","                        }","                        key = parseInt(key, 10);","                    }","                    if (t >= len) {","                        if (validate && patch.op === \"add\" && key > obj.length) {","                            throw new JsonPatchError(\"The specified index MUST NOT be greater than the number of elements in the array\", \"OPERATION_VALUE_OUT_OF_BOUNDS\", p - 1, patch.path, patch);","                        }","                        results[p - 1] = arrOps[patch.op].call(patch, obj, key, tree); // Apply patch","                        break;","                    }","                }","                else {","                    if (key && key.indexOf('~') != -1)","                        key = key.replace(/~1/g, '/').replace(/~0/g, '~'); // escape chars","                    if (t >= len) {","                        results[p - 1] = objOps[patch.op].call(patch, obj, key, tree); // Apply patch","                        break;","                    }","                }","                obj = obj[key];","            }","        }","        return results;","    }","    jsonpatch.apply = apply;","    // provide scoped __extends for TypeScript's `extend` keyword so it will not provide global one during compilation","    function __extends(d, b) {","        for (var p in b)","            if (b.hasOwnProperty(p))","                d[p] = b[p];","        function __() { this.constructor = d; }","        d.prototype = b === null ? Object.create(b) : (__.prototype = b.prototype, new __());","    }","    var JsonPatchError = (function (_super) {","        __extends(JsonPatchError, _super);","        function JsonPatchError(message, name, index, operation, tree) {","            _super.call(this, message);","            this.message = message;","            this.name = name;","            this.index = index;","            this.operation = operation;","            this.tree = tree;","        }","        return JsonPatchError;","    }(Error));","    jsonpatch.JsonPatchError = JsonPatchError;","    /**","     * Recursively checks whether an object has any undefined values inside.","     */","    function hasUndefined(obj) {","        if (obj === undefined) {","            return true;","        }","        if (typeof obj == \"array\" || typeof obj == \"object\") {","            for (var i in obj) {","                if (hasUndefined(obj[i])) {","                    return true;","                }","            }","        }","        return false;","    }","    /**","     * Validates a single operation. Called from `jsonpatch.validate`. Throws `JsonPatchError` in case of an error.","     * @param {object} operation - operation object (patch)","     * @param {number} index - index of operation in the sequence","     * @param {object} [tree] - object where the operation is supposed to be applied","     * @param {string} [existingPathFragment] - comes along with `tree`","     */","    function validator(operation, index, tree, existingPathFragment) {","        if (typeof operation !== 'object' || operation === null || _isArray(operation)) {","            throw new JsonPatchError('Operation is not an object', 'OPERATION_NOT_AN_OBJECT', index, operation, tree);","        }","        else if (!objOps[operation.op]) {","            throw new JsonPatchError('Operation `op` property is not one of operations defined in RFC-6902', 'OPERATION_OP_INVALID', index, operation, tree);","        }","        else if (typeof operation.path !== 'string') {","            throw new JsonPatchError('Operation `path` property is not a string', 'OPERATION_PATH_INVALID', index, operation, tree);","        }","        else if (operation.path.indexOf('/') !== 0 && operation.path.length > 0) {","            // paths that aren't emptystring should start with \"/\"","            throw new JsonPatchError('Operation `path` property must start with \"/\"', 'OPERATION_PATH_INVALID', index, operation, tree);","        }","        else if ((operation.op === 'move' || operation.op === 'copy') && typeof operation.from !== 'string') {","            throw new JsonPatchError('Operation `from` property is not present (applicable in `move` and `copy` operations)', 'OPERATION_FROM_REQUIRED', index, operation, tree);","        }","        else if ((operation.op === 'add' || operation.op === 'replace' || operation.op === 'test') && operation.value === undefined) {","            throw new JsonPatchError('Operation `value` property is not present (applicable in `add`, `replace` and `test` operations)', 'OPERATION_VALUE_REQUIRED', index, operation, tree);","        }","        else if ((operation.op === 'add' || operation.op === 'replace' || operation.op === 'test') && hasUndefined(operation.value)) {","            throw new JsonPatchError('Operation `value` property is not present (applicable in `add`, `replace` and `test` operations)', 'OPERATION_VALUE_CANNOT_CONTAIN_UNDEFINED', index, operation, tree);","        }","        else if (tree) {","            if (operation.op == \"add\") {","                var pathLen = operation.path.split(\"/\").length;","                var existingPathLen = existingPathFragment.split(\"/\").length;","                if (pathLen !== existingPathLen + 1 && pathLen !== existingPathLen) {","                    throw new JsonPatchError('Cannot perform an `add` operation at the desired path', 'OPERATION_PATH_CANNOT_ADD', index, operation, tree);","                }","            }","            else if (operation.op === 'replace' || operation.op === 'remove' || operation.op === '_get') {","                if (operation.path !== existingPathFragment) {","                    throw new JsonPatchError('Cannot perform the operation at a path that does not exist', 'OPERATION_PATH_UNRESOLVABLE', index, operation, tree);","                }","            }","            else if (operation.op === 'move' || operation.op === 'copy') {","                var existingValue = { op: \"_get\", path: operation.from, value: undefined };","                var error = jsonpatch.validate([existingValue], tree);","                if (error && error.name === 'OPERATION_PATH_UNRESOLVABLE') {","                    throw new JsonPatchError('Cannot perform the operation from a path that does not exist', 'OPERATION_FROM_UNRESOLVABLE', index, operation, tree);","                }","            }","        }","    }","    jsonpatch.validator = validator;","    /**","     * Validates a sequence of operations. If `tree` parameter is provided, the sequence is additionally validated against the object tree.","     * If error is encountered, returns a JsonPatchError object","     * @param sequence","     * @param tree","     * @returns {JsonPatchError|undefined}","     */","    function validate(sequence, tree) {","        try {","            if (!_isArray(sequence)) {","                throw new JsonPatchError('Patch sequence must be an array', 'SEQUENCE_NOT_AN_ARRAY');","            }","            if (tree) {","                tree = JSON.parse(JSON.stringify(tree)); //clone tree so that we can safely try applying operations","                apply.call(this, tree, sequence, true);","            }","            else {","                for (var i = 0; i < sequence.length; i++) {","                    this.validator(sequence[i], i);","                }","            }","        }","        catch (e) {","            if (e instanceof JsonPatchError) {","                return e;","            }","            else {","                throw e;","            }","        }","    }","    jsonpatch.validate = validate;","})(jsonpatch || (jsonpatch = {}));","if (typeof exports !== \"undefined\") {","    exports.apply = jsonpatch.apply;","    exports.validate = jsonpatch.validate;","    exports.validator = jsonpatch.validator;","    exports.JsonPatchError = jsonpatch.JsonPatchError;","}","else {","    var exports = {};","    var isBrowser = true;","}","Object.defineProperty(exports, \"__esModule\", { value: true });","exports.default = jsonpatch;","/*","When in browser, setting `exports = {}`","fools other modules into thinking they're","running in a node environment, which breaks","some of them. Here is super light wieght fix.","*/","if (isBrowser) {","    exports = undefined;","}",""],"l":{"7":1,"8":1,"9":1,"10":0,"11":0,"12":0,"13":0,"15":0,"17":0,"18":0,"20":0,"21":0,"22":0,"23":0,"26":0,"28":1,"29":0,"34":0,"36":0,"37":0,"38":0,"39":0,"40":0,"41":0,"42":0,"43":0,"44":0,"46":0,"47":0,"48":0,"49":0,"50":0,"51":0,"52":0,"53":0,"55":0,"65":1,"67":0,"70":0,"71":0,"72":0,"75":0,"76":0,"77":0,"80":0,"81":0,"83":0,"85":0,"86":0,"87":0,"90":0,"93":0,"96":0,"97":0,"98":0,"103":0,"106":0,"110":1,"112":0,"114":0,"117":0,"118":0,"121":0,"122":0,"123":0,"131":1,"133":0,"134":0,"135":0,"136":0,"141":0,"142":0,"143":0,"144":0,"145":0,"148":0,"151":0,"154":0,"157":0,"162":0,"165":0,"168":1,"169":1,"170":1,"173":0,"174":0,"178":1,"179":0,"180":0,"181":0,"182":0,"183":0,"184":0,"185":0,"186":0,"188":0,"190":0,"199":1,"200":0,"201":0,"202":0,"203":0,"205":0,"206":0,"207":0,"208":0,"209":0,"210":0,"211":0,"212":0,"213":0,"214":0,"215":0,"216":0,"218":0,"219":0,"221":0,"222":0,"226":0,"227":0,"228":0,"229":0,"230":0,"233":0,"234":0,"235":0,"238":0,"239":0,"241":0,"243":0,"244":0,"245":0,"247":0,"248":0,"252":0,"253":0,"254":0,"255":0,"256":0,"259":0,"262":0,"264":1,"266":1,"267":1,"268":2,"269":2,"270":1,"271":1,"273":1,"274":1,"275":1,"276":0,"277":0,"278":0,"279":0,"280":0,"281":0,"283":1,"285":1,"289":1,"290":0,"291":0,"293":0,"294":0,"295":0,"296":0,"300":0,"309":1,"310":0,"311":0,"313":0,"314":0,"316":0,"317":0,"319":0,"321":0,"323":0,"324":0,"326":0,"327":0,"329":0,"330":0,"332":0,"333":0,"334":0,"335":0,"336":0,"337":0,"340":0,"341":0,"342":0,"345":0,"346":0,"347":0,"348":0,"349":0,"354":1,"362":1,"363":0,"364":0,"365":0,"367":0,"368":0,"369":0,"372":0,"373":0,"378":0,"379":0,"382":0,"386":1,"388":1,"389":1,"390":1,"391":1,"392":1,"395":0,"396":0,"398":1,"399":1,"406":1,"407":0}}}